2,4c2,4
< info:  0 : 0.311753  1 : 0.000000  2 : 0.000024  3 : 0.000000  4 : 0.000000  5 : 16.000000  6 : 6.000000  7 : 307.000000  8 : 16.000000  9 : 16.000000 
< n = 0.010000, f_eq = 0.005355,n1 = 0.009997 ,n2 = 0.000003 ,n3 = 0.000000 ,n4 = 0.000000 ,n5 = 0.000000 ,n6 = 0.000000 ,n7 = 0.000000 ,n8 = 0.000000 
< f0 = 0.000001  f1 = -0.000000  f2 = 0.000000  f3 = 0.000000  f4 = 0.000000  f5 = 0.000000  f6 = 0.000000  f7 = 0.000000  f8 = 0.000000  
---
> info:  0 : 0.311753  1 : 0.000000  2 : 0.006811  3 : 0.000000  4 : 0.000000  5 : 10.000000  6 : 6.000000  7 : 193.000000  8 : 10.000000  9 : 10.000000 
> n = 0.010000, f_eq = 0.005372,n1 = 0.009997 ,n2 = 0.000003 ,n3 = 0.000000 ,n4 = 0.000000 ,n5 = 0.000000 ,n6 = 0.000000 ,n7 = 0.000000 ,n8 = 0.000000 
> f0 = 0.000220  f1 = -0.000000  f2 = 0.000000  f3 = 0.000000  f4 = 0.000000  f5 = 0.000000  f6 = 0.000000  f7 = 0.000000  f8 = 0.000000  
6,8c6,8
< info:  0 : 0.010630  1 : 0.000000  2 : 0.000019  3 : 0.000000  4 : 0.000000  5 : 7.000000  6 : 6.000000  7 : 134.000000  8 : 7.000000  9 : 7.000000 
< n = 0.113103, f_eq = 0.055462,n1 = 0.112116 ,n2 = 0.000988 ,n3 = 0.000000 ,n4 = 0.000000 ,n5 = 0.000000 ,n6 = 0.000000 ,n7 = 0.000000 ,n8 = 0.000000 
< f0 = -0.000000  f1 = 0.000000  f2 = -0.000000  f3 = 0.000000  f4 = 0.000000  f5 = 0.000000  f6 = 0.000000  f7 = 0.000000  f8 = 0.000000  
---
> info:  0 : 0.010630  1 : 0.000000  2 : 0.012346  3 : 0.000000  4 : 0.000000  5 : 4.000000  6 : 6.000000  7 : 77.000000  8 : 4.000000  9 : 4.000000 
> n = 0.113103, f_eq = 0.055456,n1 = 0.112116 ,n2 = 0.000988 ,n3 = 0.000000 ,n4 = 0.000000 ,n5 = 0.000000 ,n6 = 0.000000 ,n7 = 0.000000 ,n8 = 0.000000 
> f0 = -0.000096  f1 = 0.000000  f2 = -0.000000  f3 = 0.000000  f4 = 0.000000  f5 = 0.000000  f6 = 0.000000  f7 = 0.000000  f8 = 0.000000  
10,12c10,12
< info:  0 : 0.010630  1 : 0.000000  2 : 0.000053  3 : 0.000000  4 : 0.000000  5 : 6.000000  6 : 6.000000  7 : 115.000000  8 : 6.000000  9 : 6.000000 
< n = 0.216207, f_eq = 0.099218,n1 = 0.211896 ,n2 = 0.004311 ,n3 = 0.000000 ,n4 = 0.000000 ,n5 = 0.000000 ,n6 = 0.000000 ,n7 = 0.000000 ,n8 = 0.000000 
< f0 = -0.000000  f1 = 0.000000  f2 = -0.000000  f3 = 0.000000  f4 = 0.000000  f5 = 0.000000  f6 = 0.000000  f7 = 0.000000  f8 = 0.000000  
---
> info:  0 : 0.010630  1 : 0.000000  2 : 0.006147  3 : 0.000000  4 : 0.000000  5 : 4.000000  6 : 6.000000  7 : 77.000000  8 : 4.000000  9 : 4.000000 
> n = 0.216207, f_eq = 0.099216,n1 = 0.211896 ,n2 = 0.004311 ,n3 = 0.000000 ,n4 = 0.000000 ,n5 = 0.000000 ,n6 = 0.000000 ,n7 = 0.000000 ,n8 = 0.000000 
> f0 = -0.000034  f1 = 0.000000  f2 = -0.000000  f3 = 0.000000  f4 = 0.000000  f5 = 0.000000  f6 = 0.000000  f7 = 0.000000  f8 = 0.000000  
14,16c14,16
< info:  0 : 0.010630  1 : 0.000000  2 : 0.000144  3 : 0.000000  4 : 0.000000  5 : 5.000000  6 : 6.000000  7 : 96.000000  8 : 5.000000  9 : 5.000000 
< n = 0.319310, f_eq = 0.138260,n1 = 0.309359 ,n2 = 0.009951 ,n3 = 0.000000 ,n4 = 0.000000 ,n5 = 0.000000 ,n6 = 0.000000 ,n7 = 0.000000 ,n8 = 0.000000 
< f0 = -0.000001  f1 = 0.000000  f2 = -0.000000  f3 = 0.000000  f4 = 0.000000  f5 = 0.000000  f6 = 0.000000  f7 = 0.000000  f8 = 0.000000  
---
> info:  0 : 0.010630  1 : 0.000000  2 : 0.031002  3 : 0.000000  4 : 0.000000  5 : 3.000000  6 : 6.000000  7 : 58.000000  8 : 3.000000  9 : 3.000000 
> n = 0.319310, f_eq = 0.138254,n1 = 0.309362 ,n2 = 0.009948 ,n3 = 0.000000 ,n4 = 0.000000 ,n5 = 0.000000 ,n6 = 0.000000 ,n7 = 0.000000 ,n8 = 0.000000 
> f0 = -0.000100  f1 = 0.000000  f2 = -0.000004  f3 = 0.000000  f4 = 0.000000  f5 = 0.000000  f6 = 0.000000  f7 = 0.000000  f8 = 0.000000  
18,20c18,20
< info:  0 : 0.010630  1 : 0.000000  2 : 0.000028  3 : 0.000000  4 : 0.000000  5 : 7.000000  6 : 6.000000  7 : 177.000000  8 : 7.000000  9 : 7.000000 
< n = 0.422414, f_eq = 0.173553,n1 = 0.404664 ,n2 = 0.017750 ,n3 = 0.000000 ,n4 = 0.000000 ,n5 = 0.000000 ,n6 = 0.000000 ,n7 = 0.000000 ,n8 = 0.000000 
< f0 = 0.000001  f1 = -0.000000  f2 = -0.000000  f3 = 0.000000  f4 = 0.000000  f5 = 0.000000  f6 = 0.000000  f7 = 0.000000  f8 = 0.000000  
---
> info:  0 : 0.010630  1 : 0.000000  2 : 0.034860  3 : 0.000000  4 : 0.000000  5 : 3.000000  6 : 6.000000  7 : 58.000000  8 : 3.000000  9 : 3.000000 
> n = 0.422414, f_eq = 0.173562,n1 = 0.404668 ,n2 = 0.017745 ,n3 = 0.000000 ,n4 = 0.000000 ,n5 = 0.000000 ,n6 = 0.000000 ,n7 = 0.000000 ,n8 = 0.000000 
> f0 = 0.000169  f1 = 0.000000  f2 = -0.000006  f3 = 0.000000  f4 = 0.000000  f5 = 0.000000  f6 = 0.000000  f7 = 0.000000  f8 = 0.000000  
22,24c22,24
< info:  0 : 0.010630  1 : 0.000000  2 : 0.000026  3 : 0.000000  4 : 0.000000  5 : 7.000000  6 : 6.000000  7 : 229.000000  8 : 7.000000  9 : 7.000000 
< n = 0.525517, f_eq = 0.205696,n1 = 0.496157 ,n2 = 0.029360 ,n3 = 0.000000 ,n4 = 0.000000 ,n5 = 0.000000 ,n6 = 0.000000 ,n7 = 0.000000 ,n8 = 0.000000 
< f0 = -0.000000  f1 = -0.000000  f2 = -0.000000  f3 = 0.000000  f4 = 0.000000  f5 = 0.000000  f6 = 0.000000  f7 = 0.000000  f8 = 0.000000  
---
> info:  0 : 0.010630  1 : 0.000000  2 : 0.113583  3 : 0.000000  4 : 0.000000  5 : 3.000000  6 : 6.000000  7 : 58.000000  8 : 3.000000  9 : 3.000000 
> n = 0.525517, f_eq = 0.205715,n1 = 0.496159 ,n2 = 0.029358 ,n3 = 0.000000 ,n4 = 0.000000 ,n5 = 0.000000 ,n6 = 0.000000 ,n7 = 0.000000 ,n8 = 0.000000 
> f0 = 0.000409  f1 = 0.000000  f2 = -0.000002  f3 = 0.000000  f4 = 0.000000  f5 = 0.000000  f6 = 0.000000  f7 = 0.000000  f8 = 0.000000  
26c26
< info:  0 : 0.010630  1 : 0.000000  2 : 0.000773  3 : 0.000000  4 : 0.000000  5 : 300.000000  6 : 3.000000  7 : 123313.000000  8 : 300.000000  9 : 300.000000 
---
> info:  0 : 0.010630  1 : 0.000000  2 : 0.187888  3 : 0.000001  4 : 0.000000  5 : 3.000000  6 : 6.000000  7 : 58.000000  8 : 3.000000  9 : 3.000000 
30c30
< info:  0 : 0.010631  1 : 0.000000  2 : 0.002456  3 : 0.000000  4 : 0.000000  5 : 300.000000  6 : 3.000000  7 : 123316.000000  8 : 300.000000  9 : 300.000000 
---
> info:  0 : 0.010631  1 : 0.000000  2 : 0.114859  3 : 0.000004  4 : 0.000000  5 : 3.000000  6 : 6.000000  7 : 61.000000  8 : 3.000000  9 : 3.000000 
46,48c46,48
< info:  0 : 0.010951  1 : 0.000000  2 : 0.000013  3 : 0.000000  4 : 0.000000  5 : 9.000000  6 : 6.000000  7 : 388.000000  8 : 9.000000  9 : 9.000000 
< n = 1.144138, f_eq = 0.352333,n1 = 1.017440 ,n2 = 0.126698 ,n3 = 0.000000 ,n4 = 0.000000 ,n5 = 0.000000 ,n6 = 0.000000 ,n7 = 0.000000 ,n8 = 0.000000 
< f0 = 0.000001  f1 = 0.000000  f2 = 0.000000  f3 = 0.000000  f4 = 0.000000  f5 = 0.000000  f6 = 0.000000  f7 = 0.000000  f8 = 0.000000  
---
> info:  0 : 0.010951  1 : 0.000000  2 : 0.005090  3 : 0.000000  4 : 0.000000  5 : 5.000000  6 : 6.000000  7 : 206.000000  8 : 5.000000  9 : 5.000000 
> n = 1.144138, f_eq = 0.352338,n1 = 1.017425 ,n2 = 0.126713 ,n3 = 0.000000 ,n4 = 0.000000 ,n5 = 0.000000 ,n6 = 0.000000 ,n7 = 0.000000 ,n8 = 0.000000 
> f0 = 0.000133  f1 = 0.000000  f2 = 0.000035  f3 = 0.000000  f4 = 0.000000  f5 = 0.000000  f6 = 0.000000  f7 = 0.000000  f8 = 0.000000  
50,52c50,52
< info:  0 : 0.010630  1 : 0.000000  2 : 0.000046  3 : 0.000000  4 : 0.000000  5 : 9.000000  6 : 6.000000  7 : 395.000000  8 : 9.000000  9 : 9.000000 
< n = 1.247241, f_eq = 0.371041,n1 = 1.102528 ,n2 = 0.144714 ,n3 = 0.000000 ,n4 = 0.000000 ,n5 = 0.000000 ,n6 = 0.000000 ,n7 = 0.000000 ,n8 = 0.000000 
< f0 = 0.000001  f1 = 0.000000  f2 = 0.000000  f3 = 0.000000  f4 = 0.000000  f5 = 0.000000  f6 = 0.000000  f7 = 0.000000  f8 = 0.000000  
---
> info:  0 : 0.010630  1 : 0.000000  2 : 0.008950  3 : 0.000000  4 : 0.000000  5 : 5.000000  6 : 6.000000  7 : 211.000000  8 : 5.000000  9 : 5.000000 
> n = 1.247241, f_eq = 0.371045,n1 = 1.102512 ,n2 = 0.144729 ,n3 = 0.000000 ,n4 = 0.000000 ,n5 = 0.000000 ,n6 = 0.000000 ,n7 = 0.000000 ,n8 = 0.000000 
> f0 = 0.000136  f1 = 0.000000  f2 = 0.000035  f3 = 0.000000  f4 = 0.000000  f5 = 0.000000  f6 = 0.000000  f7 = 0.000000  f8 = 0.000000  
54,56c54,56
< info:  0 : 0.010630  1 : 0.000000  2 : 0.000076  3 : 0.000000  4 : 0.000000  5 : 9.000000  6 : 6.000000  7 : 399.000000  8 : 9.000000  9 : 9.000000 
< n = 1.350345, f_eq = 0.388477,n1 = 1.187455 ,n2 = 0.162890 ,n3 = 0.000000 ,n4 = 0.000000 ,n5 = 0.000000 ,n6 = 0.000000 ,n7 = 0.000000 ,n8 = 0.000000 
< f0 = 0.000001  f1 = 0.000000  f2 = 0.000000  f3 = 0.000000  f4 = 0.000000  f5 = 0.000000  f6 = 0.000000  f7 = 0.000000  f8 = 0.000000  
---
> info:  0 : 0.010630  1 : 0.000000  2 : 0.015694  3 : 0.000000  4 : 0.000000  5 : 5.000000  6 : 6.000000  7 : 213.000000  8 : 5.000000  9 : 5.000000 
> n = 1.350345, f_eq = 0.388481,n1 = 1.187441 ,n2 = 0.162904 ,n3 = 0.000000 ,n4 = 0.000000 ,n5 = 0.000000 ,n6 = 0.000000 ,n7 = 0.000000 ,n8 = 0.000000 
> f0 = 0.000138  f1 = 0.000000  f2 = 0.000035  f3 = 0.000000  f4 = 0.000000  f5 = 0.000000  f6 = 0.000000  f7 = 0.000000  f8 = 0.000000  
58,60c58,60
< info:  0 : 0.010630  1 : 0.001661  2 : 0.045118  3 : 0.000000  4 : 0.000000  5 : 300.000000  6 : 3.000000  7 : 124011.000000  8 : 300.000000  9 : 300.000000 
< n = 1.453448, f_eq = 0.400797,n1 = 1.222165 ,n2 = 0.192292 ,n3 = 0.000000 ,n4 = 0.000000 ,n5 = 0.000000 ,n6 = 0.000000 ,n7 = 0.000000 ,n8 = 0.000000 
< f0 = 0.086762  f1 = 0.038991  f2 = 0.040336  f3 = 0.000000  f4 = 0.000000  f5 = 0.000000  f6 = 0.000000  f7 = 0.000000  f8 = 0.000000  
---
> info:  0 : 0.010630  1 : 0.001658  2 : 0.045465  3 : 0.000000  4 : 0.000000  5 : 300.000000  6 : 3.000000  7 : 124011.000000  8 : 300.000000  9 : 300.000000 
> n = 1.453448, f_eq = 0.400798,n1 = 1.222176 ,n2 = 0.192291 ,n3 = 0.000000 ,n4 = 0.000000 ,n5 = 0.000000 ,n6 = 0.000000 ,n7 = 0.000000 ,n8 = 0.000000 
> f0 = 0.086743  f1 = 0.038981  f2 = 0.040330  f3 = 0.000000  f4 = 0.000000  f5 = 0.000000  f6 = 0.000000  f7 = 0.000000  f8 = 0.000000  
62,64c62,64
< info:  0 : 0.029345  1 : 0.000012  2 : 0.018017  3 : 0.000000  4 : 0.000000  5 : 300.000000  6 : 3.000000  7 : 123612.000000  8 : 300.000000  9 : 300.000000 
< n = 1.556552, f_eq = 0.412204,n1 = 1.247909 ,n2 = 0.217261 ,n3 = 0.021979 ,n4 = 0.000000 ,n5 = 0.000000 ,n6 = 0.000000 ,n7 = 0.069403 ,n8 = 0.000000 
< f0 = 0.012978  f1 = -0.000000  f2 = 0.001543  f3 = -0.009638  f4 = 0.000000  f5 = 0.000000  f6 = 0.000000  f7 = -0.004516  f8 = 0.000000  
---
> info:  0 : 0.029339  1 : 0.000012  2 : 0.018017  3 : 0.000000  4 : 0.000000  5 : 300.000000  6 : 3.000000  7 : 123612.000000  8 : 300.000000  9 : 300.000000 
> n = 1.556552, f_eq = 0.412204,n1 = 1.247909 ,n2 = 0.217261 ,n3 = 0.021978 ,n4 = 0.000000 ,n5 = 0.000000 ,n6 = 0.000000 ,n7 = 0.069403 ,n8 = 0.000000 
> f0 = 0.012980  f1 = -0.000000  f2 = 0.001543  f3 = -0.009637  f4 = 0.000000  f5 = 0.000000  f6 = 0.000000  f7 = -0.004517  f8 = 0.000000  
66c66
< info:  0 : 0.010914  1 : 0.000000  2 : 0.002033  3 : 0.000000  4 : 0.000000  5 : 300.000000  6 : 3.000000  7 : 123016.000000  8 : 300.000000  9 : 300.000000 
---
> info:  0 : 0.010914  1 : 0.000000  2 : 0.223031  3 : 0.000002  4 : 0.000000  5 : 3.000000  6 : 6.000000  7 : 58.000000  8 : 3.000000  9 : 3.000000 
74,76c74,76
< info:  0 : 0.010737  1 : 0.000000  2 : 0.000126  3 : 0.000000  4 : 0.000000  5 : 7.000000  6 : 6.000000  7 : 192.000000  8 : 7.000000  9 : 7.000000 
< n = 1.865862, f_eq = 0.438889,n1 = 1.275649 ,n2 = 0.301443 ,n3 = 0.093505 ,n4 = 0.000000 ,n5 = 0.000000 ,n6 = 0.000000 ,n7 = 0.195264 ,n8 = 0.000000 
< f0 = -0.000002  f1 = 0.000000  f2 = -0.000000  f3 = -0.000000  f4 = 0.000000  f5 = 0.000000  f6 = 0.000000  f7 = 0.000001  f8 = 0.000000  
---
> info:  0 : 0.010737  1 : 0.000000  2 : 0.012276  3 : 0.000000  4 : 0.000000  5 : 5.000000  6 : 6.000000  7 : 96.000000  8 : 5.000000  9 : 5.000000 
> n = 1.865862, f_eq = 0.438888,n1 = 1.275651 ,n2 = 0.301441 ,n3 = 0.093507 ,n4 = 0.000000 ,n5 = 0.000000 ,n6 = 0.000000 ,n7 = 0.195263 ,n8 = 0.000000 
> f0 = -0.000027  f1 = 0.000000  f2 = -0.000004  f3 = 0.000002  f4 = 0.000000  f5 = 0.000000  f6 = 0.000000  f7 = 0.000013  f8 = 0.000000  
78,80c78,80
< info:  0 : 0.010630  1 : 0.000000  2 : 0.000040  3 : 0.000000  4 : 0.000000  5 : 8.000000  6 : 6.000000  7 : 153.000000  8 : 8.000000  9 : 8.000000 
< n = 1.968966, f_eq = 0.446887,n1 = 1.278793 ,n2 = 0.329960 ,n3 = 0.123557 ,n4 = 0.000000 ,n5 = 0.000000 ,n6 = 0.000000 ,n7 = 0.236655 ,n8 = 0.000000 
< f0 = -0.000000  f1 = 0.000000  f2 = -0.000000  f3 = 0.000001  f4 = 0.000000  f5 = 0.000000  f6 = 0.000000  f7 = 0.000000  f8 = 0.000000  
---
> info:  0 : 0.010630  1 : 0.000000  2 : 0.016294  3 : 0.000000  4 : 0.000000  5 : 4.000000  6 : 6.000000  7 : 77.000000  8 : 4.000000  9 : 4.000000 
> n = 1.968966, f_eq = 0.446880,n1 = 1.278829 ,n2 = 0.329945 ,n3 = 0.123537 ,n4 = 0.000000 ,n5 = 0.000000 ,n6 = 0.000000 ,n7 = 0.236655 ,n8 = 0.000000 
> f0 = -0.000269  f1 = 0.000000  f2 = -0.000034  f3 = 0.000069  f4 = 0.000000  f5 = 0.000000  f6 = 0.000000  f7 = 0.000127  f8 = 0.000000  
82,84c82,84
< info:  0 : 0.010630  1 : 0.000000  2 : 0.000018  3 : 0.000000  4 : 0.000000  5 : 10.000000  6 : 6.000000  7 : 191.000000  8 : 10.000000  9 : 10.000000 
< n = 2.072069, f_eq = 0.454473,n1 = 1.279913 ,n2 = 0.358918 ,n3 = 0.155420 ,n4 = 0.000000 ,n5 = 0.000000 ,n6 = 0.000000 ,n7 = 0.277818 ,n8 = 0.000000 
< f0 = -0.000000  f1 = 0.000000  f2 = -0.000000  f3 = 0.000001  f4 = 0.000000  f5 = 0.000000  f6 = 0.000000  f7 = 0.000000  f8 = 0.000000  
---
> info:  0 : 0.010630  1 : 0.000000  2 : 0.022511  3 : 0.000000  4 : 0.000000  5 : 4.000000  6 : 6.000000  7 : 77.000000  8 : 4.000000  9 : 4.000000 
> n = 2.072069, f_eq = 0.454471,n1 = 1.279963 ,n2 = 0.358938 ,n3 = 0.155320 ,n4 = 0.000000 ,n5 = 0.000000 ,n6 = 0.000000 ,n7 = 0.277848 ,n8 = 0.000000 
> f0 = -0.000145  f1 = 0.000000  f2 = -0.000018  f3 = 0.000143  f4 = 0.000000  f5 = 0.000000  f6 = 0.000000  f7 = 0.000075  f8 = 0.000000  
86,88c86,88
< info:  0 : 0.010630  1 : 0.000000  2 : 0.000013  3 : 0.000000  4 : 0.000000  5 : 11.000000  6 : 6.000000  7 : 210.000000  8 : 11.000000  9 : 11.000000 
< n = 2.175172, f_eq = 0.461681,n1 = 1.279216 ,n2 = 0.388363 ,n3 = 0.188892 ,n4 = 0.000000 ,n5 = 0.000000 ,n6 = 0.000000 ,n7 = 0.318701 ,n8 = 0.000000 
< f0 = -0.000000  f1 = 0.000000  f2 = -0.000000  f3 = 0.000001  f4 = 0.000000  f5 = 0.000000  f6 = 0.000000  f7 = 0.000000  f8 = 0.000000  
---
> info:  0 : 0.010630  1 : 0.000000  2 : 0.024469  3 : 0.000000  4 : 0.000000  5 : 4.000000  6 : 6.000000  7 : 77.000000  8 : 4.000000  9 : 4.000000 
> n = 2.175172, f_eq = 0.461681,n1 = 1.279295 ,n2 = 0.388417 ,n3 = 0.188694 ,n4 = 0.000000 ,n5 = 0.000000 ,n6 = 0.000000 ,n7 = 0.318766 ,n8 = 0.000000 
> f0 = -0.000086  f1 = 0.000000  f2 = -0.000013  f3 = 0.000240  f4 = 0.000000  f5 = 0.000000  f6 = 0.000000  f7 = 0.000065  f8 = 0.000000  
90,92c90,92
< info:  0 : 0.010630  1 : 0.000000  2 : 0.000007  3 : 0.000000  4 : 0.000000  5 : 12.000000  6 : 6.000000  7 : 229.000000  8 : 12.000000  9 : 12.000000 
< n = 2.278276, f_eq = 0.468538,n1 = 1.276861 ,n2 = 0.418327 ,n3 = 0.223823 ,n4 = 0.000000 ,n5 = 0.000000 ,n6 = 0.000000 ,n7 = 0.359266 ,n8 = 0.000000 
< f0 = -0.000000  f1 = 0.000000  f2 = -0.000000  f3 = 0.000001  f4 = 0.000000  f5 = 0.000000  f6 = 0.000000  f7 = 0.000000  f8 = 0.000000  
---
> info:  0 : 0.010630  1 : 0.000000  2 : 0.003138  3 : 0.000000  4 : 0.000000  5 : 5.000000  6 : 6.000000  7 : 96.000000  8 : 5.000000  9 : 5.000000 
> n = 2.278276, f_eq = 0.468539,n1 = 1.276913 ,n2 = 0.418369 ,n3 = 0.223682 ,n4 = 0.000000 ,n5 = 0.000000 ,n6 = 0.000000 ,n7 = 0.359313 ,n8 = 0.000000 
> f0 = -0.000016  f1 = 0.000000  f2 = -0.000005  f3 = 0.000159  f4 = 0.000000  f5 = 0.000000  f6 = 0.000000  f7 = 0.000031  f8 = 0.000000  
94,96c94,96
< info:  0 : 0.010630  1 : 0.000000  2 : 0.000002  3 : 0.000000  4 : 0.000000  5 : 13.000000  6 : 6.000000  7 : 248.000000  8 : 13.000000  9 : 13.000000 
< n = 2.381379, f_eq = 0.475067,n1 = 1.272971 ,n2 = 0.448836 ,n3 = 0.260093 ,n4 = 0.000000 ,n5 = 0.000000 ,n6 = 0.000000 ,n7 = 0.399480 ,n8 = 0.000000 
< f0 = 0.000000  f1 = 0.000000  f2 = -0.000000  f3 = 0.000001  f4 = 0.000000  f5 = 0.000000  f6 = 0.000000  f7 = 0.000000  f8 = 0.000000  
---
> info:  0 : 0.010630  1 : 0.000000  2 : 0.001642  3 : 0.000000  4 : 0.000000  5 : 5.000000  6 : 6.000000  7 : 96.000000  8 : 5.000000  9 : 5.000000 
> n = 2.381379, f_eq = 0.475069,n1 = 1.273045 ,n2 = 0.448899 ,n3 = 0.259885 ,n4 = 0.000000 ,n5 = 0.000000 ,n6 = 0.000000 ,n7 = 0.399550 ,n8 = 0.000000 
> f0 = 0.000006  f1 = 0.000000  f2 = -0.000006  f3 = 0.000223  f4 = 0.000000  f5 = 0.000000  f6 = 0.000000  f7 = 0.000040  f8 = 0.000000  
98,100c98,100
< info:  0 : 0.010630  1 : 0.000000  2 : 0.000004  3 : 0.000000  4 : 0.000000  5 : 14.000000  6 : 6.000000  7 : 267.000000  8 : 14.000000  9 : 14.000000 
< n = 2.484483, f_eq = 0.481288,n1 = 1.267649 ,n2 = 0.479911 ,n3 = 0.297604 ,n4 = 0.000000 ,n5 = 0.000000 ,n6 = 0.000000 ,n7 = 0.439320 ,n8 = 0.000000 
< f0 = 0.000000  f1 = 0.000000  f2 = -0.000000  f3 = 0.000001  f4 = 0.000000  f5 = 0.000000  f6 = 0.000000  f7 = 0.000000  f8 = 0.000000  
---
> info:  0 : 0.010630  1 : 0.000000  2 : 0.001058  3 : 0.000000  4 : 0.000000  5 : 5.000000  6 : 6.000000  7 : 96.000000  8 : 5.000000  9 : 5.000000 
> n = 2.484483, f_eq = 0.481291,n1 = 1.267751 ,n2 = 0.480002 ,n3 = 0.297311 ,n4 = 0.000000 ,n5 = 0.000000 ,n6 = 0.000000 ,n7 = 0.439419 ,n8 = 0.000000 
> f0 = 0.000044  f1 = 0.000000  f2 = -0.000007  f3 = 0.000301  f4 = 0.000000  f5 = 0.000000  f6 = 0.000000  f7 = 0.000050  f8 = 0.000000  
102,104c102,104
< info:  0 : 0.010630  1 : 0.000000  2 : 0.000014  3 : 0.000000  4 : 0.000000  5 : 14.000000  6 : 6.000000  7 : 267.000000  8 : 14.000000  9 : 14.000000 
< n = 2.587586, f_eq = 0.487219,n1 = 1.260981 ,n2 = 0.511568 ,n3 = 0.336272 ,n4 = 0.000000 ,n5 = 0.000000 ,n6 = 0.000000 ,n7 = 0.478765 ,n8 = 0.000000 
< f0 = 0.000000  f1 = 0.000000  f2 = -0.000000  f3 = 0.000001  f4 = 0.000000  f5 = 0.000000  f6 = 0.000000  f7 = 0.000000  f8 = 0.000000  
---
> info:  0 : 0.010630  1 : 0.000000  2 : 0.003027  3 : 0.000000  4 : 0.000000  5 : 6.000000  6 : 6.000000  7 : 115.000000  8 : 6.000000  9 : 6.000000 
> n = 2.587586, f_eq = 0.487222,n1 = 1.261050 ,n2 = 0.511631 ,n3 = 0.336072 ,n4 = 0.000000 ,n5 = 0.000000 ,n6 = 0.000000 ,n7 = 0.478833 ,n8 = 0.000000 
> f0 = 0.000053  f1 = 0.000000  f2 = -0.000003  f3 = 0.000198  f4 = 0.000000  f5 = 0.000000  f6 = 0.000000  f7 = 0.000030  f8 = 0.000000  
106,108c106,108
< info:  0 : 0.010630  1 : 0.000000  2 : 0.000018  3 : 0.000000  4 : 0.000000  5 : 15.000000  6 : 6.000000  7 : 286.000000  8 : 15.000000  9 : 15.000000 
< n = 2.690690, f_eq = 0.492876,n1 = 1.253045 ,n2 = 0.543823 ,n3 = 0.376027 ,n4 = 0.000000 ,n5 = 0.000000 ,n6 = 0.000000 ,n7 = 0.517794 ,n8 = 0.000000 
< f0 = 0.000000  f1 = 0.000000  f2 = -0.000000  f3 = 0.000001  f4 = 0.000000  f5 = 0.000000  f6 = 0.000000  f7 = 0.000000  f8 = 0.000000  
---
> info:  0 : 0.010630  1 : 0.000000  2 : 0.005845  3 : 0.000000  4 : 0.000000  5 : 6.000000  6 : 6.000000  7 : 115.000000  8 : 6.000000  9 : 6.000000 
> n = 2.690690, f_eq = 0.492880,n1 = 1.253133 ,n2 = 0.543908 ,n3 = 0.375765 ,n4 = 0.000000 ,n5 = 0.000000 ,n6 = 0.000000 ,n7 = 0.517884 ,n8 = 0.000000 
> f0 = 0.000095  f1 = 0.000000  f2 = -0.000003  f3 = 0.000251  f4 = 0.000000  f5 = 0.000000  f6 = 0.000000  f7 = 0.000036  f8 = 0.000000  
110,112c110,112
< info:  0 : 0.010630  1 : 0.000000  2 : 0.000021  3 : 0.000000  4 : 0.000000  5 : 16.000000  6 : 6.000000  7 : 305.000000  8 : 16.000000  9 : 16.000000 
< n = 2.793793, f_eq = 0.498273,n1 = 1.243907 ,n2 = 0.576700 ,n3 = 0.416809 ,n4 = 0.000000 ,n5 = 0.000000 ,n6 = 0.000000 ,n7 = 0.556377 ,n8 = 0.000000 
< f0 = 0.000000  f1 = 0.000000  f2 = -0.000000  f3 = 0.000001  f4 = 0.000000  f5 = 0.000000  f6 = 0.000000  f7 = 0.000000  f8 = 0.000000  
---
> info:  0 : 0.010630  1 : 0.000000  2 : 0.005290  3 : 0.000000  4 : 0.000000  5 : 7.000000  6 : 6.000000  7 : 134.000000  8 : 7.000000  9 : 7.000000 
> n = 2.793793, f_eq = 0.498276,n1 = 1.243967 ,n2 = 0.576760 ,n3 = 0.416626 ,n4 = 0.000000 ,n5 = 0.000000 ,n6 = 0.000000 ,n7 = 0.556439 ,n8 = 0.000000 
> f0 = 0.000083  f1 = 0.000000  f2 = -0.000002  f3 = 0.000169  f4 = 0.000000  f5 = 0.000000  f6 = 0.000000  f7 = 0.000022  f8 = 0.000000  
114,116c114,116
< info:  0 : 0.010630  1 : 0.000000  2 : 0.000023  3 : 0.000000  4 : 0.000000  5 : 17.000000  6 : 6.000000  7 : 324.000000  8 : 17.000000  9 : 17.000000 
< n = 2.896897, f_eq = 0.503426,n1 = 1.233627 ,n2 = 0.610278 ,n3 = 0.458587 ,n4 = 0.000000 ,n5 = 0.000000 ,n6 = 0.000000 ,n7 = 0.594404 ,n8 = 0.000000 
< f0 = 0.000000  f1 = 0.000000  f2 = -0.000000  f3 = 0.000001  f4 = 0.000000  f5 = 0.000000  f6 = 0.000000  f7 = 0.000000  f8 = 0.000000  
---
> info:  0 : 0.010630  1 : 0.000000  2 : 0.008080  3 : 0.000000  4 : 0.000000  5 : 7.000000  6 : 6.000000  7 : 134.000000  8 : 7.000000  9 : 7.000000 
> n = 2.896897, f_eq = 0.503430,n1 = 1.233702 ,n2 = 0.610356 ,n3 = 0.458354 ,n4 = 0.000000 ,n5 = 0.000000 ,n6 = 0.000000 ,n7 = 0.594484 ,n8 = 0.000000 
> f0 = 0.000126  f1 = 0.000000  f2 = -0.000001  f3 = 0.000209  f4 = 0.000000  f5 = 0.000000  f6 = 0.000000  f7 = 0.000026  f8 = 0.000000  
118,120c118,120
< info:  0 : 0.010630  1 : 0.000000  2 : 0.000024  3 : 0.000000  4 : 0.000000  5 : 18.000000  6 : 6.000000  7 : 343.000000  8 : 18.000000  9 : 18.000000 
< n = 3.000000, f_eq = 0.508345,n1 = 1.222259 ,n2 = 0.644573 ,n3 = 0.501313 ,n4 = 0.000000 ,n5 = 0.000000 ,n6 = 0.000000 ,n7 = 0.631855 ,n8 = 0.000000 
< f0 = 0.000000  f1 = 0.000000  f2 = -0.000000  f3 = 0.000001  f4 = 0.000000  f5 = 0.000000  f6 = 0.000000  f7 = 0.000000  f8 = 0.000000  
---
> info:  0 : 0.010630  1 : 0.000000  2 : 0.011636  3 : 0.000000  4 : 0.000000  5 : 7.000000  6 : 6.000000  7 : 134.000000  8 : 7.000000  9 : 7.000000 
> n = 3.000000, f_eq = 0.508351,n1 = 1.222350 ,n2 = 0.644672 ,n3 = 0.501022 ,n4 = 0.000000 ,n5 = 0.000000 ,n6 = 0.000000 ,n7 = 0.631956 ,n8 = 0.000000 
> f0 = 0.000181  f1 = 0.000000  f2 = -0.000001  f3 = 0.000254  f4 = 0.000000  f5 = 0.000000  f6 = 0.000000  f7 = 0.000030  f8 = 0.000000  
