0
info:  0 : 0.311753  1 : 0.000000  2 : 0.000024  3 : 0.000000  4 : 0.000000  5 : 16.000000  6 : 6.000000  7 : 307.000000  8 : 16.000000  9 : 16.000000 
n = 0.010000, f_eq = 0.005355,n1 = 0.009997 ,n2 = 0.000003 ,n3 = 0.000000 ,n4 = 0.000000 ,n5 = 0.000000 ,n6 = 0.000000 ,n7 = 0.000000 ,n8 = 0.000000 
f0 = 0.000001  f1 = -0.000000  f2 = 0.000000  f3 = 0.000000  f4 = 0.000000  f5 = 0.000000  f6 = 0.000000  f7 = 0.000000  f8 = 0.000000  
1
info:  0 : 0.010630  1 : 0.000000  2 : 0.000019  3 : 0.000000  4 : 0.000000  5 : 7.000000  6 : 6.000000  7 : 134.000000  8 : 7.000000  9 : 7.000000 
n = 0.113103, f_eq = 0.055462,n1 = 0.112116 ,n2 = 0.000988 ,n3 = 0.000000 ,n4 = 0.000000 ,n5 = 0.000000 ,n6 = 0.000000 ,n7 = 0.000000 ,n8 = 0.000000 
f0 = -0.000000  f1 = 0.000000  f2 = -0.000000  f3 = 0.000000  f4 = 0.000000  f5 = 0.000000  f6 = 0.000000  f7 = 0.000000  f8 = 0.000000  
2
info:  0 : 0.010630  1 : 0.000000  2 : 0.000053  3 : 0.000000  4 : 0.000000  5 : 6.000000  6 : 6.000000  7 : 115.000000  8 : 6.000000  9 : 6.000000 
n = 0.216207, f_eq = 0.099218,n1 = 0.211896 ,n2 = 0.004311 ,n3 = 0.000000 ,n4 = 0.000000 ,n5 = 0.000000 ,n6 = 0.000000 ,n7 = 0.000000 ,n8 = 0.000000 
f0 = -0.000000  f1 = 0.000000  f2 = -0.000000  f3 = 0.000000  f4 = 0.000000  f5 = 0.000000  f6 = 0.000000  f7 = 0.000000  f8 = 0.000000  
3
info:  0 : 0.010630  1 : 0.000000  2 : 0.000144  3 : 0.000000  4 : 0.000000  5 : 5.000000  6 : 6.000000  7 : 96.000000  8 : 5.000000  9 : 5.000000 
n = 0.319310, f_eq = 0.138260,n1 = 0.309359 ,n2 = 0.009951 ,n3 = 0.000000 ,n4 = 0.000000 ,n5 = 0.000000 ,n6 = 0.000000 ,n7 = 0.000000 ,n8 = 0.000000 
f0 = -0.000001  f1 = 0.000000  f2 = -0.000000  f3 = 0.000000  f4 = 0.000000  f5 = 0.000000  f6 = 0.000000  f7 = 0.000000  f8 = 0.000000  
4
info:  0 : 0.010630  1 : 0.000000  2 : 0.000028  3 : 0.000000  4 : 0.000000  5 : 7.000000  6 : 6.000000  7 : 177.000000  8 : 7.000000  9 : 7.000000 
n = 0.422414, f_eq = 0.173553,n1 = 0.404664 ,n2 = 0.017750 ,n3 = 0.000000 ,n4 = 0.000000 ,n5 = 0.000000 ,n6 = 0.000000 ,n7 = 0.000000 ,n8 = 0.000000 
f0 = 0.000001  f1 = -0.000000  f2 = -0.000000  f3 = 0.000000  f4 = 0.000000  f5 = 0.000000  f6 = 0.000000  f7 = 0.000000  f8 = 0.000000  
5
info:  0 : 0.010630  1 : 0.000000  2 : 0.000026  3 : 0.000000  4 : 0.000000  5 : 7.000000  6 : 6.000000  7 : 229.000000  8 : 7.000000  9 : 7.000000 
n = 0.525517, f_eq = 0.205696,n1 = 0.496157 ,n2 = 0.029360 ,n3 = 0.000000 ,n4 = 0.000000 ,n5 = 0.000000 ,n6 = 0.000000 ,n7 = 0.000000 ,n8 = 0.000000 
f0 = -0.000000  f1 = -0.000000  f2 = -0.000000  f3 = 0.000000  f4 = 0.000000  f5 = 0.000000  f6 = 0.000000  f7 = 0.000000  f8 = 0.000000  
6
info:  0 : 0.010630  1 : 0.000000  2 : 0.000773  3 : 0.000000  4 : 0.000000  5 : 300.000000  6 : 3.000000  7 : 123313.000000  8 : 300.000000  9 : 300.000000 
n = 0.628621, f_eq = 0.235185,n1 = 0.585400 ,n2 = 0.043220 ,n3 = 0.000000 ,n4 = 0.000000 ,n5 = 0.000000 ,n6 = 0.000000 ,n7 = 0.000000 ,n8 = 0.000000 
f0 = 0.000564  f1 = 0.000000  f2 = 0.000078  f3 = 0.000000  f4 = 0.000000  f5 = 0.000000  f6 = 0.000000  f7 = 0.000000  f8 = 0.000000  
7
info:  0 : 0.010631  1 : 0.000000  2 : 0.002456  3 : 0.000000  4 : 0.000000  5 : 300.000000  6 : 3.000000  7 : 123316.000000  8 : 300.000000  9 : 300.000000 
n = 0.731724, f_eq = 0.262326,n1 = 0.673228 ,n2 = 0.058497 ,n3 = 0.000000 ,n4 = 0.000000 ,n5 = 0.000000 ,n6 = 0.000000 ,n7 = 0.000000 ,n8 = 0.000000 
f0 = 0.000623  f1 = 0.000000  f2 = 0.000179  f3 = 0.000000  f4 = 0.000000  f5 = 0.000000  f6 = 0.000000  f7 = 0.000000  f8 = 0.000000  
8
info:  0 : 0.010631  1 : 0.000007  2 : 0.049710  3 : 0.000000  4 : 0.000000  5 : 300.000000  6 : 3.000000  7 : 124404.000000  8 : 300.000000  9 : 300.000000 
n = 0.834828, f_eq = 0.287703,n1 = 0.758300 ,n2 = 0.076527 ,n3 = 0.000000 ,n4 = 0.000000 ,n5 = 0.000000 ,n6 = 0.000000 ,n7 = 0.000000 ,n8 = 0.000000 
f0 = 0.009114  f1 = 0.000000  f2 = 0.003694  f3 = 0.000000  f4 = 0.000000  f5 = 0.000000  f6 = 0.000000  f7 = 0.000000  f8 = 0.000000  
9
info:  0 : 0.010727  1 : 0.000006  2 : 0.029034  3 : 0.000000  4 : 0.000000  5 : 300.000000  6 : 3.000000  7 : 124404.000000  8 : 300.000000  9 : 300.000000 
n = 0.937931, f_eq = 0.311101,n1 = 0.844207 ,n2 = 0.093724 ,n3 = 0.000000 ,n4 = 0.000000 ,n5 = 0.000000 ,n6 = 0.000000 ,n7 = 0.000000 ,n8 = 0.000000 
f0 = 0.013573  f1 = 0.000000  f2 = 0.004458  f3 = 0.000000  f4 = 0.000000  f5 = 0.000000  f6 = 0.000000  f7 = 0.000000  f8 = 0.000000  
10
info:  0 : 0.010835  1 : 0.000023  2 : 0.109602  3 : 0.000000  4 : 0.000000  5 : 300.000000  6 : 3.000000  7 : 124404.000000  8 : 300.000000  9 : 300.000000 
n = 1.041034, f_eq = 0.332799,n1 = 0.929705 ,n2 = 0.111329 ,n3 = 0.000000 ,n4 = 0.000000 ,n5 = 0.000000 ,n6 = 0.000000 ,n7 = 0.000000 ,n8 = 0.000000 
f0 = 0.017173  f1 = 0.000000  f2 = 0.005053  f3 = 0.000000  f4 = 0.000000  f5 = 0.000000  f6 = 0.000000  f7 = 0.000000  f8 = 0.000000  
11
info:  0 : 0.010951  1 : 0.000000  2 : 0.000013  3 : 0.000000  4 : 0.000000  5 : 9.000000  6 : 6.000000  7 : 388.000000  8 : 9.000000  9 : 9.000000 
n = 1.144138, f_eq = 0.352333,n1 = 1.017440 ,n2 = 0.126698 ,n3 = 0.000000 ,n4 = 0.000000 ,n5 = 0.000000 ,n6 = 0.000000 ,n7 = 0.000000 ,n8 = 0.000000 
f0 = 0.000001  f1 = 0.000000  f2 = 0.000000  f3 = 0.000000  f4 = 0.000000  f5 = 0.000000  f6 = 0.000000  f7 = 0.000000  f8 = 0.000000  
12
info:  0 : 0.010630  1 : 0.000000  2 : 0.000046  3 : 0.000000  4 : 0.000000  5 : 9.000000  6 : 6.000000  7 : 395.000000  8 : 9.000000  9 : 9.000000 
n = 1.247241, f_eq = 0.371041,n1 = 1.102528 ,n2 = 0.144714 ,n3 = 0.000000 ,n4 = 0.000000 ,n5 = 0.000000 ,n6 = 0.000000 ,n7 = 0.000000 ,n8 = 0.000000 
f0 = 0.000001  f1 = 0.000000  f2 = 0.000000  f3 = 0.000000  f4 = 0.000000  f5 = 0.000000  f6 = 0.000000  f7 = 0.000000  f8 = 0.000000  
13
info:  0 : 0.010630  1 : 0.000000  2 : 0.000076  3 : 0.000000  4 : 0.000000  5 : 9.000000  6 : 6.000000  7 : 399.000000  8 : 9.000000  9 : 9.000000 
n = 1.350345, f_eq = 0.388477,n1 = 1.187455 ,n2 = 0.162890 ,n3 = 0.000000 ,n4 = 0.000000 ,n5 = 0.000000 ,n6 = 0.000000 ,n7 = 0.000000 ,n8 = 0.000000 
f0 = 0.000001  f1 = 0.000000  f2 = 0.000000  f3 = 0.000000  f4 = 0.000000  f5 = 0.000000  f6 = 0.000000  f7 = 0.000000  f8 = 0.000000  
14
info:  0 : 0.010630  1 : 0.001661  2 : 0.045118  3 : 0.000000  4 : 0.000000  5 : 300.000000  6 : 3.000000  7 : 124011.000000  8 : 300.000000  9 : 300.000000 
n = 1.453448, f_eq = 0.400797,n1 = 1.222165 ,n2 = 0.192292 ,n3 = 0.000000 ,n4 = 0.000000 ,n5 = 0.000000 ,n6 = 0.000000 ,n7 = 0.000000 ,n8 = 0.000000 
f0 = 0.086762  f1 = 0.038991  f2 = 0.040336  f3 = 0.000000  f4 = 0.000000  f5 = 0.000000  f6 = 0.000000  f7 = 0.000000  f8 = 0.000000  
15
info:  0 : 0.029345  1 : 0.000012  2 : 0.018017  3 : 0.000000  4 : 0.000000  5 : 300.000000  6 : 3.000000  7 : 123612.000000  8 : 300.000000  9 : 300.000000 
n = 1.556552, f_eq = 0.412204,n1 = 1.247909 ,n2 = 0.217261 ,n3 = 0.021979 ,n4 = 0.000000 ,n5 = 0.000000 ,n6 = 0.000000 ,n7 = 0.069403 ,n8 = 0.000000 
f0 = 0.012978  f1 = -0.000000  f2 = 0.001543  f3 = -0.009638  f4 = 0.000000  f5 = 0.000000  f6 = 0.000000  f7 = -0.004516  f8 = 0.000000  
16
info:  0 : 0.010914  1 : 0.000000  2 : 0.002033  3 : 0.000000  4 : 0.000000  5 : 300.000000  6 : 3.000000  7 : 123016.000000  8 : 300.000000  9 : 300.000000 
n = 1.659655, f_eq = 0.421459,n1 = 1.261917 ,n2 = 0.245346 ,n3 = 0.040380 ,n4 = 0.000000 ,n5 = 0.000000 ,n6 = 0.000000 ,n7 = 0.112013 ,n8 = 0.000000 
f0 = -0.000307  f1 = 0.000000  f2 = -0.000075  f3 = -0.000346  f4 = 0.000000  f5 = 0.000000  f6 = 0.000000  f7 = 0.000208  f8 = 0.000000  
17
info:  0 : 0.010631  1 : 0.000054  2 : 0.019012  3 : 0.000000  4 : 0.000000  5 : 300.000000  6 : 3.000000  7 : 125002.000000  8 : 300.000000  9 : 300.000000 
n = 1.762759, f_eq = 0.430437,n1 = 1.272841 ,n2 = 0.272333 ,n3 = 0.064182 ,n4 = 0.000000 ,n5 = 0.000000 ,n6 = 0.000000 ,n7 = 0.153402 ,n8 = 0.000000 
f0 = -0.004497  f1 = 0.000000  f2 = -0.002117  f3 = 0.004568  f4 = 0.000000  f5 = 0.000000  f6 = 0.000000  f7 = 0.007787  f8 = 0.000000  
18
info:  0 : 0.010737  1 : 0.000000  2 : 0.000126  3 : 0.000000  4 : 0.000000  5 : 7.000000  6 : 6.000000  7 : 192.000000  8 : 7.000000  9 : 7.000000 
n = 1.865862, f_eq = 0.438889,n1 = 1.275649 ,n2 = 0.301443 ,n3 = 0.093505 ,n4 = 0.000000 ,n5 = 0.000000 ,n6 = 0.000000 ,n7 = 0.195264 ,n8 = 0.000000 
f0 = -0.000002  f1 = 0.000000  f2 = -0.000000  f3 = -0.000000  f4 = 0.000000  f5 = 0.000000  f6 = 0.000000  f7 = 0.000001  f8 = 0.000000  
19
info:  0 : 0.010630  1 : 0.000000  2 : 0.000040  3 : 0.000000  4 : 0.000000  5 : 8.000000  6 : 6.000000  7 : 153.000000  8 : 8.000000  9 : 8.000000 
n = 1.968966, f_eq = 0.446887,n1 = 1.278793 ,n2 = 0.329960 ,n3 = 0.123557 ,n4 = 0.000000 ,n5 = 0.000000 ,n6 = 0.000000 ,n7 = 0.236655 ,n8 = 0.000000 
f0 = -0.000000  f1 = 0.000000  f2 = -0.000000  f3 = 0.000001  f4 = 0.000000  f5 = 0.000000  f6 = 0.000000  f7 = 0.000000  f8 = 0.000000  
20
info:  0 : 0.010630  1 : 0.000000  2 : 0.000018  3 : 0.000000  4 : 0.000000  5 : 10.000000  6 : 6.000000  7 : 191.000000  8 : 10.000000  9 : 10.000000 
n = 2.072069, f_eq = 0.454473,n1 = 1.279913 ,n2 = 0.358918 ,n3 = 0.155420 ,n4 = 0.000000 ,n5 = 0.000000 ,n6 = 0.000000 ,n7 = 0.277818 ,n8 = 0.000000 
f0 = -0.000000  f1 = 0.000000  f2 = -0.000000  f3 = 0.000001  f4 = 0.000000  f5 = 0.000000  f6 = 0.000000  f7 = 0.000000  f8 = 0.000000  
21
info:  0 : 0.010630  1 : 0.000000  2 : 0.000013  3 : 0.000000  4 : 0.000000  5 : 11.000000  6 : 6.000000  7 : 210.000000  8 : 11.000000  9 : 11.000000 
n = 2.175172, f_eq = 0.461681,n1 = 1.279216 ,n2 = 0.388363 ,n3 = 0.188892 ,n4 = 0.000000 ,n5 = 0.000000 ,n6 = 0.000000 ,n7 = 0.318701 ,n8 = 0.000000 
f0 = -0.000000  f1 = 0.000000  f2 = -0.000000  f3 = 0.000001  f4 = 0.000000  f5 = 0.000000  f6 = 0.000000  f7 = 0.000000  f8 = 0.000000  
22
info:  0 : 0.010630  1 : 0.000000  2 : 0.000007  3 : 0.000000  4 : 0.000000  5 : 12.000000  6 : 6.000000  7 : 229.000000  8 : 12.000000  9 : 12.000000 
n = 2.278276, f_eq = 0.468538,n1 = 1.276861 ,n2 = 0.418327 ,n3 = 0.223823 ,n4 = 0.000000 ,n5 = 0.000000 ,n6 = 0.000000 ,n7 = 0.359266 ,n8 = 0.000000 
f0 = -0.000000  f1 = 0.000000  f2 = -0.000000  f3 = 0.000001  f4 = 0.000000  f5 = 0.000000  f6 = 0.000000  f7 = 0.000000  f8 = 0.000000  
23
info:  0 : 0.010630  1 : 0.000000  2 : 0.000002  3 : 0.000000  4 : 0.000000  5 : 13.000000  6 : 6.000000  7 : 248.000000  8 : 13.000000  9 : 13.000000 
n = 2.381379, f_eq = 0.475067,n1 = 1.272971 ,n2 = 0.448836 ,n3 = 0.260093 ,n4 = 0.000000 ,n5 = 0.000000 ,n6 = 0.000000 ,n7 = 0.399480 ,n8 = 0.000000 
f0 = 0.000000  f1 = 0.000000  f2 = -0.000000  f3 = 0.000001  f4 = 0.000000  f5 = 0.000000  f6 = 0.000000  f7 = 0.000000  f8 = 0.000000  
24
info:  0 : 0.010630  1 : 0.000000  2 : 0.000004  3 : 0.000000  4 : 0.000000  5 : 14.000000  6 : 6.000000  7 : 267.000000  8 : 14.000000  9 : 14.000000 
n = 2.484483, f_eq = 0.481288,n1 = 1.267649 ,n2 = 0.479911 ,n3 = 0.297604 ,n4 = 0.000000 ,n5 = 0.000000 ,n6 = 0.000000 ,n7 = 0.439320 ,n8 = 0.000000 
f0 = 0.000000  f1 = 0.000000  f2 = -0.000000  f3 = 0.000001  f4 = 0.000000  f5 = 0.000000  f6 = 0.000000  f7 = 0.000000  f8 = 0.000000  
25
info:  0 : 0.010630  1 : 0.000000  2 : 0.000014  3 : 0.000000  4 : 0.000000  5 : 14.000000  6 : 6.000000  7 : 267.000000  8 : 14.000000  9 : 14.000000 
n = 2.587586, f_eq = 0.487219,n1 = 1.260981 ,n2 = 0.511568 ,n3 = 0.336272 ,n4 = 0.000000 ,n5 = 0.000000 ,n6 = 0.000000 ,n7 = 0.478765 ,n8 = 0.000000 
f0 = 0.000000  f1 = 0.000000  f2 = -0.000000  f3 = 0.000001  f4 = 0.000000  f5 = 0.000000  f6 = 0.000000  f7 = 0.000000  f8 = 0.000000  
26
info:  0 : 0.010630  1 : 0.000000  2 : 0.000018  3 : 0.000000  4 : 0.000000  5 : 15.000000  6 : 6.000000  7 : 286.000000  8 : 15.000000  9 : 15.000000 
n = 2.690690, f_eq = 0.492876,n1 = 1.253045 ,n2 = 0.543823 ,n3 = 0.376027 ,n4 = 0.000000 ,n5 = 0.000000 ,n6 = 0.000000 ,n7 = 0.517794 ,n8 = 0.000000 
f0 = 0.000000  f1 = 0.000000  f2 = -0.000000  f3 = 0.000001  f4 = 0.000000  f5 = 0.000000  f6 = 0.000000  f7 = 0.000000  f8 = 0.000000  
27
info:  0 : 0.010630  1 : 0.000000  2 : 0.000021  3 : 0.000000  4 : 0.000000  5 : 16.000000  6 : 6.000000  7 : 305.000000  8 : 16.000000  9 : 16.000000 
n = 2.793793, f_eq = 0.498273,n1 = 1.243907 ,n2 = 0.576700 ,n3 = 0.416809 ,n4 = 0.000000 ,n5 = 0.000000 ,n6 = 0.000000 ,n7 = 0.556377 ,n8 = 0.000000 
f0 = 0.000000  f1 = 0.000000  f2 = -0.000000  f3 = 0.000001  f4 = 0.000000  f5 = 0.000000  f6 = 0.000000  f7 = 0.000000  f8 = 0.000000  
28
info:  0 : 0.010630  1 : 0.000000  2 : 0.000023  3 : 0.000000  4 : 0.000000  5 : 17.000000  6 : 6.000000  7 : 324.000000  8 : 17.000000  9 : 17.000000 
n = 2.896897, f_eq = 0.503426,n1 = 1.233627 ,n2 = 0.610278 ,n3 = 0.458587 ,n4 = 0.000000 ,n5 = 0.000000 ,n6 = 0.000000 ,n7 = 0.594404 ,n8 = 0.000000 
f0 = 0.000000  f1 = 0.000000  f2 = -0.000000  f3 = 0.000001  f4 = 0.000000  f5 = 0.000000  f6 = 0.000000  f7 = 0.000000  f8 = 0.000000  
29
info:  0 : 0.010630  1 : 0.000000  2 : 0.000024  3 : 0.000000  4 : 0.000000  5 : 18.000000  6 : 6.000000  7 : 343.000000  8 : 18.000000  9 : 18.000000 
n = 3.000000, f_eq = 0.508345,n1 = 1.222259 ,n2 = 0.644573 ,n3 = 0.501313 ,n4 = 0.000000 ,n5 = 0.000000 ,n6 = 0.000000 ,n7 = 0.631855 ,n8 = 0.000000 
f0 = 0.000000  f1 = 0.000000  f2 = -0.000000  f3 = 0.000001  f4 = 0.000000  f5 = 0.000000  f6 = 0.000000  f7 = 0.000000  f8 = 0.000000  
