0
info:  0 : 0.311753  1 : 0.000000  2 : 0.006811  3 : 0.000000  4 : 0.000000  5 : 10.000000  6 : 6.000000  7 : 193.000000  8 : 10.000000  9 : 10.000000 
n = 0.010000, f_eq = 0.005372,n1 = 0.009997 ,n2 = 0.000003 ,n3 = 0.000000 ,n4 = 0.000000 ,n5 = 0.000000 ,n6 = 0.000000 ,n7 = 0.000000 ,n8 = 0.000000 
f0 = 0.000220  f1 = -0.000000  f2 = 0.000000  f3 = 0.000000  f4 = 0.000000  f5 = 0.000000  f6 = 0.000000  f7 = 0.000000  f8 = 0.000000  
1
info:  0 : 0.010630  1 : 0.000000  2 : 0.012346  3 : 0.000000  4 : 0.000000  5 : 4.000000  6 : 6.000000  7 : 77.000000  8 : 4.000000  9 : 4.000000 
n = 0.113103, f_eq = 0.055456,n1 = 0.112116 ,n2 = 0.000988 ,n3 = 0.000000 ,n4 = 0.000000 ,n5 = 0.000000 ,n6 = 0.000000 ,n7 = 0.000000 ,n8 = 0.000000 
f0 = -0.000096  f1 = 0.000000  f2 = -0.000000  f3 = 0.000000  f4 = 0.000000  f5 = 0.000000  f6 = 0.000000  f7 = 0.000000  f8 = 0.000000  
2
info:  0 : 0.010630  1 : 0.000000  2 : 0.006147  3 : 0.000000  4 : 0.000000  5 : 4.000000  6 : 6.000000  7 : 77.000000  8 : 4.000000  9 : 4.000000 
n = 0.216207, f_eq = 0.099216,n1 = 0.211896 ,n2 = 0.004311 ,n3 = 0.000000 ,n4 = 0.000000 ,n5 = 0.000000 ,n6 = 0.000000 ,n7 = 0.000000 ,n8 = 0.000000 
f0 = -0.000034  f1 = 0.000000  f2 = -0.000000  f3 = 0.000000  f4 = 0.000000  f5 = 0.000000  f6 = 0.000000  f7 = 0.000000  f8 = 0.000000  
3
info:  0 : 0.010630  1 : 0.000000  2 : 0.031002  3 : 0.000000  4 : 0.000000  5 : 3.000000  6 : 6.000000  7 : 58.000000  8 : 3.000000  9 : 3.000000 
n = 0.319310, f_eq = 0.138254,n1 = 0.309362 ,n2 = 0.009948 ,n3 = 0.000000 ,n4 = 0.000000 ,n5 = 0.000000 ,n6 = 0.000000 ,n7 = 0.000000 ,n8 = 0.000000 
f0 = -0.000100  f1 = 0.000000  f2 = -0.000004  f3 = 0.000000  f4 = 0.000000  f5 = 0.000000  f6 = 0.000000  f7 = 0.000000  f8 = 0.000000  
4
info:  0 : 0.010630  1 : 0.000000  2 : 0.034860  3 : 0.000000  4 : 0.000000  5 : 3.000000  6 : 6.000000  7 : 58.000000  8 : 3.000000  9 : 3.000000 
n = 0.422414, f_eq = 0.173562,n1 = 0.404668 ,n2 = 0.017745 ,n3 = 0.000000 ,n4 = 0.000000 ,n5 = 0.000000 ,n6 = 0.000000 ,n7 = 0.000000 ,n8 = 0.000000 
f0 = 0.000169  f1 = 0.000000  f2 = -0.000006  f3 = 0.000000  f4 = 0.000000  f5 = 0.000000  f6 = 0.000000  f7 = 0.000000  f8 = 0.000000  
5
info:  0 : 0.010630  1 : 0.000000  2 : 0.113583  3 : 0.000000  4 : 0.000000  5 : 3.000000  6 : 6.000000  7 : 58.000000  8 : 3.000000  9 : 3.000000 
n = 0.525517, f_eq = 0.205715,n1 = 0.496159 ,n2 = 0.029358 ,n3 = 0.000000 ,n4 = 0.000000 ,n5 = 0.000000 ,n6 = 0.000000 ,n7 = 0.000000 ,n8 = 0.000000 
f0 = 0.000409  f1 = 0.000000  f2 = -0.000002  f3 = 0.000000  f4 = 0.000000  f5 = 0.000000  f6 = 0.000000  f7 = 0.000000  f8 = 0.000000  
6
info:  0 : 0.010630  1 : 0.000000  2 : 0.187888  3 : 0.000001  4 : 0.000000  5 : 3.000000  6 : 6.000000  7 : 58.000000  8 : 3.000000  9 : 3.000000 
n = 0.628621, f_eq = 0.235185,n1 = 0.585400 ,n2 = 0.043220 ,n3 = 0.000000 ,n4 = 0.000000 ,n5 = 0.000000 ,n6 = 0.000000 ,n7 = 0.000000 ,n8 = 0.000000 
f0 = 0.000564  f1 = 0.000000  f2 = 0.000078  f3 = 0.000000  f4 = 0.000000  f5 = 0.000000  f6 = 0.000000  f7 = 0.000000  f8 = 0.000000  
7
info:  0 : 0.010631  1 : 0.000000  2 : 0.114859  3 : 0.000004  4 : 0.000000  5 : 3.000000  6 : 6.000000  7 : 61.000000  8 : 3.000000  9 : 3.000000 
n = 0.731724, f_eq = 0.262326,n1 = 0.673228 ,n2 = 0.058497 ,n3 = 0.000000 ,n4 = 0.000000 ,n5 = 0.000000 ,n6 = 0.000000 ,n7 = 0.000000 ,n8 = 0.000000 
f0 = 0.000623  f1 = 0.000000  f2 = 0.000179  f3 = 0.000000  f4 = 0.000000  f5 = 0.000000  f6 = 0.000000  f7 = 0.000000  f8 = 0.000000  
8
info:  0 : 0.010631  1 : 0.000007  2 : 0.049710  3 : 0.000000  4 : 0.000000  5 : 300.000000  6 : 3.000000  7 : 124404.000000  8 : 300.000000  9 : 300.000000 
n = 0.834828, f_eq = 0.287703,n1 = 0.758300 ,n2 = 0.076527 ,n3 = 0.000000 ,n4 = 0.000000 ,n5 = 0.000000 ,n6 = 0.000000 ,n7 = 0.000000 ,n8 = 0.000000 
f0 = 0.009114  f1 = 0.000000  f2 = 0.003694  f3 = 0.000000  f4 = 0.000000  f5 = 0.000000  f6 = 0.000000  f7 = 0.000000  f8 = 0.000000  
9
info:  0 : 0.010727  1 : 0.000006  2 : 0.029034  3 : 0.000000  4 : 0.000000  5 : 300.000000  6 : 3.000000  7 : 124404.000000  8 : 300.000000  9 : 300.000000 
n = 0.937931, f_eq = 0.311101,n1 = 0.844207 ,n2 = 0.093724 ,n3 = 0.000000 ,n4 = 0.000000 ,n5 = 0.000000 ,n6 = 0.000000 ,n7 = 0.000000 ,n8 = 0.000000 
f0 = 0.013573  f1 = 0.000000  f2 = 0.004458  f3 = 0.000000  f4 = 0.000000  f5 = 0.000000  f6 = 0.000000  f7 = 0.000000  f8 = 0.000000  
10
info:  0 : 0.010835  1 : 0.000023  2 : 0.109602  3 : 0.000000  4 : 0.000000  5 : 300.000000  6 : 3.000000  7 : 124404.000000  8 : 300.000000  9 : 300.000000 
n = 1.041034, f_eq = 0.332799,n1 = 0.929705 ,n2 = 0.111329 ,n3 = 0.000000 ,n4 = 0.000000 ,n5 = 0.000000 ,n6 = 0.000000 ,n7 = 0.000000 ,n8 = 0.000000 
f0 = 0.017173  f1 = 0.000000  f2 = 0.005053  f3 = 0.000000  f4 = 0.000000  f5 = 0.000000  f6 = 0.000000  f7 = 0.000000  f8 = 0.000000  
11
info:  0 : 0.010951  1 : 0.000000  2 : 0.005090  3 : 0.000000  4 : 0.000000  5 : 5.000000  6 : 6.000000  7 : 206.000000  8 : 5.000000  9 : 5.000000 
n = 1.144138, f_eq = 0.352338,n1 = 1.017425 ,n2 = 0.126713 ,n3 = 0.000000 ,n4 = 0.000000 ,n5 = 0.000000 ,n6 = 0.000000 ,n7 = 0.000000 ,n8 = 0.000000 
f0 = 0.000133  f1 = 0.000000  f2 = 0.000035  f3 = 0.000000  f4 = 0.000000  f5 = 0.000000  f6 = 0.000000  f7 = 0.000000  f8 = 0.000000  
12
info:  0 : 0.010630  1 : 0.000000  2 : 0.008950  3 : 0.000000  4 : 0.000000  5 : 5.000000  6 : 6.000000  7 : 211.000000  8 : 5.000000  9 : 5.000000 
n = 1.247241, f_eq = 0.371045,n1 = 1.102512 ,n2 = 0.144729 ,n3 = 0.000000 ,n4 = 0.000000 ,n5 = 0.000000 ,n6 = 0.000000 ,n7 = 0.000000 ,n8 = 0.000000 
f0 = 0.000136  f1 = 0.000000  f2 = 0.000035  f3 = 0.000000  f4 = 0.000000  f5 = 0.000000  f6 = 0.000000  f7 = 0.000000  f8 = 0.000000  
13
info:  0 : 0.010630  1 : 0.000000  2 : 0.015694  3 : 0.000000  4 : 0.000000  5 : 5.000000  6 : 6.000000  7 : 213.000000  8 : 5.000000  9 : 5.000000 
n = 1.350345, f_eq = 0.388481,n1 = 1.187441 ,n2 = 0.162904 ,n3 = 0.000000 ,n4 = 0.000000 ,n5 = 0.000000 ,n6 = 0.000000 ,n7 = 0.000000 ,n8 = 0.000000 
f0 = 0.000138  f1 = 0.000000  f2 = 0.000035  f3 = 0.000000  f4 = 0.000000  f5 = 0.000000  f6 = 0.000000  f7 = 0.000000  f8 = 0.000000  
14
info:  0 : 0.010630  1 : 0.001658  2 : 0.045465  3 : 0.000000  4 : 0.000000  5 : 300.000000  6 : 3.000000  7 : 124011.000000  8 : 300.000000  9 : 300.000000 
n = 1.453448, f_eq = 0.400798,n1 = 1.222176 ,n2 = 0.192291 ,n3 = 0.000000 ,n4 = 0.000000 ,n5 = 0.000000 ,n6 = 0.000000 ,n7 = 0.000000 ,n8 = 0.000000 
f0 = 0.086743  f1 = 0.038981  f2 = 0.040330  f3 = 0.000000  f4 = 0.000000  f5 = 0.000000  f6 = 0.000000  f7 = 0.000000  f8 = 0.000000  
15
info:  0 : 0.029339  1 : 0.000012  2 : 0.018017  3 : 0.000000  4 : 0.000000  5 : 300.000000  6 : 3.000000  7 : 123612.000000  8 : 300.000000  9 : 300.000000 
n = 1.556552, f_eq = 0.412204,n1 = 1.247909 ,n2 = 0.217261 ,n3 = 0.021978 ,n4 = 0.000000 ,n5 = 0.000000 ,n6 = 0.000000 ,n7 = 0.069403 ,n8 = 0.000000 
f0 = 0.012980  f1 = -0.000000  f2 = 0.001543  f3 = -0.009637  f4 = 0.000000  f5 = 0.000000  f6 = 0.000000  f7 = -0.004517  f8 = 0.000000  
16
info:  0 : 0.010914  1 : 0.000000  2 : 0.223031  3 : 0.000002  4 : 0.000000  5 : 3.000000  6 : 6.000000  7 : 58.000000  8 : 3.000000  9 : 3.000000 
n = 1.659655, f_eq = 0.421459,n1 = 1.261917 ,n2 = 0.245346 ,n3 = 0.040380 ,n4 = 0.000000 ,n5 = 0.000000 ,n6 = 0.000000 ,n7 = 0.112013 ,n8 = 0.000000 
f0 = -0.000307  f1 = 0.000000  f2 = -0.000075  f3 = -0.000346  f4 = 0.000000  f5 = 0.000000  f6 = 0.000000  f7 = 0.000208  f8 = 0.000000  
17
info:  0 : 0.010631  1 : 0.000054  2 : 0.019012  3 : 0.000000  4 : 0.000000  5 : 300.000000  6 : 3.000000  7 : 125002.000000  8 : 300.000000  9 : 300.000000 
n = 1.762759, f_eq = 0.430437,n1 = 1.272841 ,n2 = 0.272333 ,n3 = 0.064182 ,n4 = 0.000000 ,n5 = 0.000000 ,n6 = 0.000000 ,n7 = 0.153402 ,n8 = 0.000000 
f0 = -0.004497  f1 = 0.000000  f2 = -0.002117  f3 = 0.004568  f4 = 0.000000  f5 = 0.000000  f6 = 0.000000  f7 = 0.007787  f8 = 0.000000  
18
info:  0 : 0.010737  1 : 0.000000  2 : 0.012276  3 : 0.000000  4 : 0.000000  5 : 5.000000  6 : 6.000000  7 : 96.000000  8 : 5.000000  9 : 5.000000 
n = 1.865862, f_eq = 0.438888,n1 = 1.275651 ,n2 = 0.301441 ,n3 = 0.093507 ,n4 = 0.000000 ,n5 = 0.000000 ,n6 = 0.000000 ,n7 = 0.195263 ,n8 = 0.000000 
f0 = -0.000027  f1 = 0.000000  f2 = -0.000004  f3 = 0.000002  f4 = 0.000000  f5 = 0.000000  f6 = 0.000000  f7 = 0.000013  f8 = 0.000000  
19
info:  0 : 0.010630  1 : 0.000000  2 : 0.016294  3 : 0.000000  4 : 0.000000  5 : 4.000000  6 : 6.000000  7 : 77.000000  8 : 4.000000  9 : 4.000000 
n = 1.968966, f_eq = 0.446880,n1 = 1.278829 ,n2 = 0.329945 ,n3 = 0.123537 ,n4 = 0.000000 ,n5 = 0.000000 ,n6 = 0.000000 ,n7 = 0.236655 ,n8 = 0.000000 
f0 = -0.000269  f1 = 0.000000  f2 = -0.000034  f3 = 0.000069  f4 = 0.000000  f5 = 0.000000  f6 = 0.000000  f7 = 0.000127  f8 = 0.000000  
20
info:  0 : 0.010630  1 : 0.000000  2 : 0.022511  3 : 0.000000  4 : 0.000000  5 : 4.000000  6 : 6.000000  7 : 77.000000  8 : 4.000000  9 : 4.000000 
n = 2.072069, f_eq = 0.454471,n1 = 1.279963 ,n2 = 0.358938 ,n3 = 0.155320 ,n4 = 0.000000 ,n5 = 0.000000 ,n6 = 0.000000 ,n7 = 0.277848 ,n8 = 0.000000 
f0 = -0.000145  f1 = 0.000000  f2 = -0.000018  f3 = 0.000143  f4 = 0.000000  f5 = 0.000000  f6 = 0.000000  f7 = 0.000075  f8 = 0.000000  
21
info:  0 : 0.010630  1 : 0.000000  2 : 0.024469  3 : 0.000000  4 : 0.000000  5 : 4.000000  6 : 6.000000  7 : 77.000000  8 : 4.000000  9 : 4.000000 
n = 2.175172, f_eq = 0.461681,n1 = 1.279295 ,n2 = 0.388417 ,n3 = 0.188694 ,n4 = 0.000000 ,n5 = 0.000000 ,n6 = 0.000000 ,n7 = 0.318766 ,n8 = 0.000000 
f0 = -0.000086  f1 = 0.000000  f2 = -0.000013  f3 = 0.000240  f4 = 0.000000  f5 = 0.000000  f6 = 0.000000  f7 = 0.000065  f8 = 0.000000  
22
info:  0 : 0.010630  1 : 0.000000  2 : 0.003138  3 : 0.000000  4 : 0.000000  5 : 5.000000  6 : 6.000000  7 : 96.000000  8 : 5.000000  9 : 5.000000 
n = 2.278276, f_eq = 0.468539,n1 = 1.276913 ,n2 = 0.418369 ,n3 = 0.223682 ,n4 = 0.000000 ,n5 = 0.000000 ,n6 = 0.000000 ,n7 = 0.359313 ,n8 = 0.000000 
f0 = -0.000016  f1 = 0.000000  f2 = -0.000005  f3 = 0.000159  f4 = 0.000000  f5 = 0.000000  f6 = 0.000000  f7 = 0.000031  f8 = 0.000000  
23
info:  0 : 0.010630  1 : 0.000000  2 : 0.001642  3 : 0.000000  4 : 0.000000  5 : 5.000000  6 : 6.000000  7 : 96.000000  8 : 5.000000  9 : 5.000000 
n = 2.381379, f_eq = 0.475069,n1 = 1.273045 ,n2 = 0.448899 ,n3 = 0.259885 ,n4 = 0.000000 ,n5 = 0.000000 ,n6 = 0.000000 ,n7 = 0.399550 ,n8 = 0.000000 
f0 = 0.000006  f1 = 0.000000  f2 = -0.000006  f3 = 0.000223  f4 = 0.000000  f5 = 0.000000  f6 = 0.000000  f7 = 0.000040  f8 = 0.000000  
24
info:  0 : 0.010630  1 : 0.000000  2 : 0.001058  3 : 0.000000  4 : 0.000000  5 : 5.000000  6 : 6.000000  7 : 96.000000  8 : 5.000000  9 : 5.000000 
n = 2.484483, f_eq = 0.481291,n1 = 1.267751 ,n2 = 0.480002 ,n3 = 0.297311 ,n4 = 0.000000 ,n5 = 0.000000 ,n6 = 0.000000 ,n7 = 0.439419 ,n8 = 0.000000 
f0 = 0.000044  f1 = 0.000000  f2 = -0.000007  f3 = 0.000301  f4 = 0.000000  f5 = 0.000000  f6 = 0.000000  f7 = 0.000050  f8 = 0.000000  
25
info:  0 : 0.010630  1 : 0.000000  2 : 0.003027  3 : 0.000000  4 : 0.000000  5 : 6.000000  6 : 6.000000  7 : 115.000000  8 : 6.000000  9 : 6.000000 
n = 2.587586, f_eq = 0.487222,n1 = 1.261050 ,n2 = 0.511631 ,n3 = 0.336072 ,n4 = 0.000000 ,n5 = 0.000000 ,n6 = 0.000000 ,n7 = 0.478833 ,n8 = 0.000000 
f0 = 0.000053  f1 = 0.000000  f2 = -0.000003  f3 = 0.000198  f4 = 0.000000  f5 = 0.000000  f6 = 0.000000  f7 = 0.000030  f8 = 0.000000  
26
info:  0 : 0.010630  1 : 0.000000  2 : 0.005845  3 : 0.000000  4 : 0.000000  5 : 6.000000  6 : 6.000000  7 : 115.000000  8 : 6.000000  9 : 6.000000 
n = 2.690690, f_eq = 0.492880,n1 = 1.253133 ,n2 = 0.543908 ,n3 = 0.375765 ,n4 = 0.000000 ,n5 = 0.000000 ,n6 = 0.000000 ,n7 = 0.517884 ,n8 = 0.000000 
f0 = 0.000095  f1 = 0.000000  f2 = -0.000003  f3 = 0.000251  f4 = 0.000000  f5 = 0.000000  f6 = 0.000000  f7 = 0.000036  f8 = 0.000000  
27
info:  0 : 0.010630  1 : 0.000000  2 : 0.005290  3 : 0.000000  4 : 0.000000  5 : 7.000000  6 : 6.000000  7 : 134.000000  8 : 7.000000  9 : 7.000000 
n = 2.793793, f_eq = 0.498276,n1 = 1.243967 ,n2 = 0.576760 ,n3 = 0.416626 ,n4 = 0.000000 ,n5 = 0.000000 ,n6 = 0.000000 ,n7 = 0.556439 ,n8 = 0.000000 
f0 = 0.000083  f1 = 0.000000  f2 = -0.000002  f3 = 0.000169  f4 = 0.000000  f5 = 0.000000  f6 = 0.000000  f7 = 0.000022  f8 = 0.000000  
28
info:  0 : 0.010630  1 : 0.000000  2 : 0.008080  3 : 0.000000  4 : 0.000000  5 : 7.000000  6 : 6.000000  7 : 134.000000  8 : 7.000000  9 : 7.000000 
n = 2.896897, f_eq = 0.503430,n1 = 1.233702 ,n2 = 0.610356 ,n3 = 0.458354 ,n4 = 0.000000 ,n5 = 0.000000 ,n6 = 0.000000 ,n7 = 0.594484 ,n8 = 0.000000 
f0 = 0.000126  f1 = 0.000000  f2 = -0.000001  f3 = 0.000209  f4 = 0.000000  f5 = 0.000000  f6 = 0.000000  f7 = 0.000026  f8 = 0.000000  
29
info:  0 : 0.010630  1 : 0.000000  2 : 0.011636  3 : 0.000000  4 : 0.000000  5 : 7.000000  6 : 6.000000  7 : 134.000000  8 : 7.000000  9 : 7.000000 
n = 3.000000, f_eq = 0.508351,n1 = 1.222350 ,n2 = 0.644672 ,n3 = 0.501022 ,n4 = 0.000000 ,n5 = 0.000000 ,n6 = 0.000000 ,n7 = 0.631956 ,n8 = 0.000000 
f0 = 0.000181  f1 = 0.000000  f2 = -0.000001  f3 = 0.000254  f4 = 0.000000  f5 = 0.000000  f6 = 0.000000  f7 = 0.000030  f8 = 0.000000  
