0
info:  0 : 0.311753  1 : 0.000000  2 : 0.000024  3 : 0.000000  4 : 0.000000  5 : 16.000000  6 : 6.000000  7 : 307.000000  8 : 16.000000  9 : 16.000000 
n = 0.010000, f_eq = 0.005355,n1 = 0.009997 ,n2 = 0.000003 ,n3 = 0.000000 ,n4 = 0.000000 ,n5 = 0.000000 ,n6 = 0.000000 ,n7 = 0.000000 ,n8 = 0.000000 
f0 = 0.000001  f1 = -0.000000  f2 = 0.000000  f3 = 0.000000  f4 = 0.000000  f5 = 0.000000  f6 = 0.000000  f7 = 0.000000  f8 = 0.000000  
1
info:  0 : 0.000912  1 : 0.000000  2 : 0.000020  3 : 0.000000  4 : 0.000000  5 : 7.000000  6 : 6.000000  7 : 134.000000  8 : 7.000000  9 : 7.000000 
n = 0.040202, f_eq = 0.020838,n1 = 0.040116 ,n2 = 0.000086 ,n3 = 0.000000 ,n4 = 0.000000 ,n5 = 0.000000 ,n6 = 0.000000 ,n7 = 0.000000 ,n8 = 0.000000 
f0 = -0.000000  f1 = 0.000000  f2 = -0.000000  f3 = 0.000000  f4 = 0.000000  f5 = 0.000000  f6 = 0.000000  f7 = 0.000000  f8 = 0.000000  
2
info:  0 : 0.000912  1 : 0.000000  2 : 0.000100  3 : 0.000000  4 : 0.000000  5 : 6.000000  6 : 6.000000  7 : 115.000000  8 : 6.000000  9 : 6.000000 
n = 0.070404, f_eq = 0.035615,n1 = 0.070080 ,n2 = 0.000324 ,n3 = 0.000000 ,n4 = 0.000000 ,n5 = 0.000000 ,n6 = 0.000000 ,n7 = 0.000000 ,n8 = 0.000000 
f0 = -0.000001  f1 = 0.000000  f2 = -0.000000  f3 = 0.000000  f4 = 0.000000  f5 = 0.000000  f6 = 0.000000  f7 = 0.000000  f8 = 0.000000  
3
info:  0 : 0.000912  1 : 0.000000  2 : 0.000070  3 : 0.000000  4 : 0.000000  5 : 6.000000  6 : 6.000000  7 : 115.000000  8 : 6.000000  9 : 6.000000 
n = 0.100606, f_eq = 0.049771,n1 = 0.099855 ,n2 = 0.000751 ,n3 = 0.000000 ,n4 = 0.000000 ,n5 = 0.000000 ,n6 = 0.000000 ,n7 = 0.000000 ,n8 = 0.000000 
f0 = -0.000001  f1 = 0.000000  f2 = -0.000000  f3 = 0.000000  f4 = 0.000000  f5 = 0.000000  f6 = 0.000000  f7 = 0.000000  f8 = 0.000000  
4
info:  0 : 0.000912  1 : 0.000000  2 : 0.000050  3 : 0.000000  4 : 0.000000  5 : 6.000000  6 : 6.000000  7 : 115.000000  8 : 6.000000  9 : 6.000000 
n = 0.130808, f_eq = 0.063369,n1 = 0.129424 ,n2 = 0.001384 ,n3 = 0.000000 ,n4 = 0.000000 ,n5 = 0.000000 ,n6 = 0.000000 ,n7 = 0.000000 ,n8 = 0.000000 
f0 = -0.000000  f1 = 0.000000  f2 = -0.000000  f3 = 0.000000  f4 = 0.000000  f5 = 0.000000  f6 = 0.000000  f7 = 0.000000  f8 = 0.000000  
5
info:  0 : 0.000912  1 : 0.000000  2 : 0.000036  3 : 0.000000  4 : 0.000000  5 : 6.000000  6 : 6.000000  7 : 115.000000  8 : 6.000000  9 : 6.000000 
n = 0.161010, f_eq = 0.076461,n1 = 0.158783 ,n2 = 0.002227 ,n3 = 0.000000 ,n4 = 0.000000 ,n5 = 0.000000 ,n6 = 0.000000 ,n7 = 0.000000 ,n8 = 0.000000 
f0 = -0.000000  f1 = 0.000000  f2 = -0.000000  f3 = 0.000000  f4 = 0.000000  f5 = 0.000000  f6 = 0.000000  f7 = 0.000000  f8 = 0.000000  
6
info:  0 : 0.000912  1 : 0.000000  2 : 0.000027  3 : 0.000000  4 : 0.000000  5 : 6.000000  6 : 6.000000  7 : 115.000000  8 : 6.000000  9 : 6.000000 
n = 0.191212, f_eq = 0.089091,n1 = 0.187930 ,n2 = 0.003282 ,n3 = 0.000000 ,n4 = 0.000000 ,n5 = 0.000000 ,n6 = 0.000000 ,n7 = 0.000000 ,n8 = 0.000000 
f0 = -0.000000  f1 = 0.000000  f2 = -0.000000  f3 = 0.000000  f4 = 0.000000  f5 = 0.000000  f6 = 0.000000  f7 = 0.000000  f8 = 0.000000  
7
info:  0 : 0.000912  1 : 0.000000  2 : 0.000020  3 : 0.000000  4 : 0.000000  5 : 6.000000  6 : 6.000000  7 : 115.000000  8 : 6.000000  9 : 6.000000 
n = 0.221414, f_eq = 0.101293,n1 = 0.216871 ,n2 = 0.004543 ,n3 = 0.000000 ,n4 = 0.000000 ,n5 = 0.000000 ,n6 = 0.000000 ,n7 = 0.000000 ,n8 = 0.000000 
f0 = -0.000000  f1 = 0.000000  f2 = -0.000000  f3 = 0.000000  f4 = 0.000000  f5 = 0.000000  f6 = 0.000000  f7 = 0.000000  f8 = 0.000000  
8
info:  0 : 0.000912  1 : 0.000000  2 : 0.000144  3 : 0.000000  4 : 0.000000  5 : 5.000000  6 : 6.000000  7 : 96.000000  8 : 5.000000  9 : 5.000000 
n = 0.251616, f_eq = 0.113100,n1 = 0.245614 ,n2 = 0.006003 ,n3 = 0.000000 ,n4 = 0.000000 ,n5 = 0.000000 ,n6 = 0.000000 ,n7 = 0.000000 ,n8 = 0.000000 
f0 = -0.000001  f1 = 0.000000  f2 = -0.000000  f3 = 0.000000  f4 = 0.000000  f5 = 0.000000  f6 = 0.000000  f7 = 0.000000  f8 = 0.000000  
9
info:  0 : 0.000912  1 : 0.000000  2 : 0.000085  3 : 0.000000  4 : 0.000000  5 : 5.000000  6 : 6.000000  7 : 96.000000  8 : 5.000000  9 : 5.000000 
n = 0.281818, f_eq = 0.124538,n1 = 0.274165 ,n2 = 0.007653 ,n3 = 0.000000 ,n4 = 0.000000 ,n5 = 0.000000 ,n6 = 0.000000 ,n7 = 0.000000 ,n8 = 0.000000 
f0 = -0.000000  f1 = 0.000000  f2 = -0.000000  f3 = 0.000000  f4 = 0.000000  f5 = 0.000000  f6 = 0.000000  f7 = 0.000000  f8 = 0.000000  
10
info:  0 : 0.000912  1 : 0.000000  2 : 0.000534  3 : 0.000000  4 : 0.000000  5 : 4.000000  6 : 6.000000  7 : 77.000000  8 : 4.000000  9 : 4.000000 
n = 0.312020, f_eq = 0.135631,n1 = 0.302537 ,n2 = 0.009483 ,n3 = 0.000000 ,n4 = 0.000000 ,n5 = 0.000000 ,n6 = 0.000000 ,n7 = 0.000000 ,n8 = 0.000000 
f0 = -0.000001  f1 = 0.000000  f2 = 0.000000  f3 = 0.000000  f4 = 0.000000  f5 = 0.000000  f6 = 0.000000  f7 = 0.000000  f8 = 0.000000  
11
info:  0 : 0.000912  1 : 0.000000  2 : 0.000117  3 : 0.000000  4 : 0.000000  5 : 5.000000  6 : 6.000000  7 : 96.000000  8 : 5.000000  9 : 5.000000 
n = 0.342222, f_eq = 0.146401,n1 = 0.330738 ,n2 = 0.011484 ,n3 = 0.000000 ,n4 = 0.000000 ,n5 = 0.000000 ,n6 = 0.000000 ,n7 = 0.000000 ,n8 = 0.000000 
f0 = 0.000000  f1 = 0.000000  f2 = 0.000000  f3 = 0.000000  f4 = 0.000000  f5 = 0.000000  f6 = 0.000000  f7 = 0.000000  f8 = 0.000000  
12
info:  0 : 0.000912  1 : 0.000000  2 : 0.000067  3 : 0.000000  4 : 0.000000  5 : 3000.000000  6 : 3.000000  7 : 1240816.000000  8 : 3000.000000  9 : 3000.000000 
n = 0.372424, f_eq = 0.156866,n1 = 0.358778 ,n2 = 0.013646 ,n3 = 0.000000 ,n4 = 0.000000 ,n5 = 0.000000 ,n6 = 0.000000 ,n7 = 0.000000 ,n8 = 0.000000 
f0 = 0.000021  f1 = 0.000000  f2 = 0.000001  f3 = 0.000000  f4 = 0.000000  f5 = 0.000000  f6 = 0.000000  f7 = 0.000000  f8 = 0.000000  
13
info:  0 : 0.000912  1 : 0.000000  2 : 0.000061  3 : 0.000000  4 : 0.000000  5 : 3000.000000  6 : 3.000000  7 : 1240816.000000  8 : 3000.000000  9 : 3000.000000 
n = 0.402626, f_eq = 0.167042,n1 = 0.386667 ,n2 = 0.015960 ,n3 = 0.000000 ,n4 = 0.000000 ,n5 = 0.000000 ,n6 = 0.000000 ,n7 = 0.000000 ,n8 = 0.000000 
f0 = 0.000040  f1 = 0.000000  f2 = 0.000002  f3 = 0.000000  f4 = 0.000000  f5 = 0.000000  f6 = 0.000000  f7 = 0.000000  f8 = 0.000000  
14
info:  0 : 0.000912  1 : 0.000000  2 : 0.000009  3 : 0.000000  4 : 0.000000  5 : 6.000000  6 : 6.000000  7 : 161.000000  8 : 6.000000  9 : 6.000000 
n = 0.432828, f_eq = 0.176934,n1 = 0.414053 ,n2 = 0.018775 ,n3 = 0.000000 ,n4 = 0.000000 ,n5 = 0.000000 ,n6 = 0.000000 ,n7 = 0.000000 ,n8 = 0.000000 
f0 = 0.000001  f1 = -0.000000  f2 = 0.000000  f3 = 0.000000  f4 = 0.000000  f5 = 0.000000  f6 = 0.000000  f7 = 0.000000  f8 = 0.000000  
15
info:  0 : 0.000912  1 : 0.000000  2 : 0.000166  3 : 0.000000  4 : 0.000000  5 : 3000.000000  6 : 3.000000  7 : 1240816.000000  8 : 3000.000000  9 : 3000.000000 
n = 0.463030, f_eq = 0.186567,n1 = 0.441055 ,n2 = 0.021975 ,n3 = 0.000000 ,n4 = 0.000000 ,n5 = 0.000000 ,n6 = 0.000000 ,n7 = 0.000000 ,n8 = 0.000000 
f0 = 0.000099  f1 = 0.000000  f2 = 0.000008  f3 = 0.000000  f4 = 0.000000  f5 = 0.000000  f6 = 0.000000  f7 = 0.000000  f8 = 0.000000  
16
info:  0 : 0.000912  1 : 0.000000  2 : 0.000218  3 : 0.000000  4 : 0.000000  5 : 3000.000000  6 : 3.000000  7 : 1240816.000000  8 : 3000.000000  9 : 3000.000000 
n = 0.493232, f_eq = 0.195944,n1 = 0.467797 ,n2 = 0.025435 ,n3 = 0.000000 ,n4 = 0.000000 ,n5 = 0.000000 ,n6 = 0.000000 ,n7 = 0.000000 ,n8 = 0.000000 
f0 = 0.000120  f1 = 0.000000  f2 = 0.000011  f3 = 0.000000  f4 = 0.000000  f5 = 0.000000  f6 = 0.000000  f7 = 0.000000  f8 = 0.000000  
17
info:  0 : 0.000912  1 : 0.000000  2 : 0.000061  3 : 0.000000  4 : 0.000000  5 : 3000.000000  6 : 3.000000  7 : 1240816.000000  8 : 3000.000000  9 : 3000.000000 
n = 0.523434, f_eq = 0.205081,n1 = 0.494324 ,n2 = 0.029110 ,n3 = 0.000000 ,n4 = 0.000000 ,n5 = 0.000000 ,n6 = 0.000000 ,n7 = 0.000000 ,n8 = 0.000000 
f0 = 0.000151  f1 = 0.000000  f2 = 0.000016  f3 = 0.000000  f4 = 0.000000  f5 = 0.000000  f6 = 0.000000  f7 = 0.000000  f8 = 0.000000  
18
info:  0 : 0.000912  1 : 0.000000  2 : 0.000421  3 : 0.000000  4 : 0.000000  5 : 3000.000000  6 : 3.000000  7 : 1240816.000000  8 : 3000.000000  9 : 3000.000000 
n = 0.553636, f_eq = 0.213988,n1 = 0.520668 ,n2 = 0.032968 ,n3 = 0.000000 ,n4 = 0.000000 ,n5 = 0.000000 ,n6 = 0.000000 ,n7 = 0.000000 ,n8 = 0.000000 
f0 = 0.000182  f1 = 0.000000  f2 = 0.000022  f3 = 0.000000  f4 = 0.000000  f5 = 0.000000  f6 = 0.000000  f7 = 0.000000  f8 = 0.000000  
19
info:  0 : 0.000912  1 : 0.000000  2 : 0.000125  3 : 0.000000  4 : 0.000000  5 : 7.000000  6 : 6.000000  7 : 231.000000  8 : 7.000000  9 : 7.000000 
n = 0.583838, f_eq = 0.222667,n1 = 0.546869 ,n2 = 0.036969 ,n3 = 0.000000 ,n4 = 0.000000 ,n5 = 0.000000 ,n6 = 0.000000 ,n7 = 0.000000 ,n8 = 0.000000 
f0 = 0.000001  f1 = 0.000000  f2 = 0.000000  f3 = 0.000000  f4 = 0.000000  f5 = 0.000000  f6 = 0.000000  f7 = 0.000000  f8 = 0.000000  
20
info:  0 : 0.000912  1 : 0.000000  2 : 0.000123  3 : 0.000000  4 : 0.000000  5 : 7.000000  6 : 6.000000  7 : 233.000000  8 : 7.000000  9 : 7.000000 
n = 0.614040, f_eq = 0.231142,n1 = 0.572916 ,n2 = 0.041124 ,n3 = 0.000000 ,n4 = 0.000000 ,n5 = 0.000000 ,n6 = 0.000000 ,n7 = 0.000000 ,n8 = 0.000000 
f0 = 0.000001  f1 = 0.000000  f2 = 0.000000  f3 = 0.000000  f4 = 0.000000  f5 = 0.000000  f6 = 0.000000  f7 = 0.000000  f8 = 0.000000  
21
info:  0 : 0.000912  1 : 0.000000  2 : 0.000128  3 : 0.000000  4 : 0.000000  5 : 7.000000  6 : 6.000000  7 : 234.000000  8 : 7.000000  9 : 7.000000 
n = 0.644242, f_eq = 0.239415,n1 = 0.598837 ,n2 = 0.045405 ,n3 = 0.000000 ,n4 = 0.000000 ,n5 = 0.000000 ,n6 = 0.000000 ,n7 = 0.000000 ,n8 = 0.000000 
f0 = 0.000001  f1 = 0.000000  f2 = 0.000000  f3 = 0.000000  f4 = 0.000000  f5 = 0.000000  f6 = 0.000000  f7 = 0.000000  f8 = 0.000000  
22
info:  0 : 0.000912  1 : 0.000000  2 : 0.000124  3 : 0.000000  4 : 0.000000  5 : 7.000000  6 : 6.000000  7 : 235.000000  8 : 7.000000  9 : 7.000000 
n = 0.674444, f_eq = 0.247493,n1 = 0.624646 ,n2 = 0.049798 ,n3 = 0.000000 ,n4 = 0.000000 ,n5 = 0.000000 ,n6 = 0.000000 ,n7 = 0.000000 ,n8 = 0.000000 
f0 = 0.000001  f1 = 0.000000  f2 = 0.000000  f3 = 0.000000  f4 = 0.000000  f5 = 0.000000  f6 = 0.000000  f7 = 0.000000  f8 = 0.000000  
23
info:  0 : 0.000912  1 : 0.000000  2 : 0.000114  3 : 0.000000  4 : 0.000000  5 : 7.000000  6 : 6.000000  7 : 237.000000  8 : 7.000000  9 : 7.000000 
n = 0.704646, f_eq = 0.255383,n1 = 0.650354 ,n2 = 0.054292 ,n3 = 0.000000 ,n4 = 0.000000 ,n5 = 0.000000 ,n6 = 0.000000 ,n7 = 0.000000 ,n8 = 0.000000 
f0 = 0.000001  f1 = 0.000000  f2 = 0.000000  f3 = 0.000000  f4 = 0.000000  f5 = 0.000000  f6 = 0.000000  f7 = 0.000000  f8 = 0.000000  
24
info:  0 : 0.000912  1 : 0.000000  2 : 0.000100  3 : 0.000000  4 : 0.000000  5 : 7.000000  6 : 6.000000  7 : 238.000000  8 : 7.000000  9 : 7.000000 
n = 0.734848, f_eq = 0.263091,n1 = 0.675971 ,n2 = 0.058878 ,n3 = 0.000000 ,n4 = 0.000000 ,n5 = 0.000000 ,n6 = 0.000000 ,n7 = 0.000000 ,n8 = 0.000000 
f0 = 0.000001  f1 = 0.000000  f2 = 0.000000  f3 = 0.000000  f4 = 0.000000  f5 = 0.000000  f6 = 0.000000  f7 = 0.000000  f8 = 0.000000  
25
info:  0 : 0.000912  1 : 0.000000  2 : 0.000121  3 : 0.000000  4 : 0.000000  5 : 7.000000  6 : 6.000000  7 : 238.000000  8 : 7.000000  9 : 7.000000 
n = 0.765051, f_eq = 0.270625,n1 = 0.701504 ,n2 = 0.063546 ,n3 = 0.000000 ,n4 = 0.000000 ,n5 = 0.000000 ,n6 = 0.000000 ,n7 = 0.000000 ,n8 = 0.000000 
f0 = 0.000002  f1 = 0.000000  f2 = 0.000000  f3 = 0.000000  f4 = 0.000000  f5 = 0.000000  f6 = 0.000000  f7 = 0.000000  f8 = 0.000000  
26
info:  0 : 0.000912  1 : 0.000000  2 : 0.000108  3 : 0.000000  4 : 0.000000  5 : 7.000000  6 : 6.000000  7 : 239.000000  8 : 7.000000  9 : 7.000000 
n = 0.795253, f_eq = 0.277989,n1 = 0.726963 ,n2 = 0.068289 ,n3 = 0.000000 ,n4 = 0.000000 ,n5 = 0.000000 ,n6 = 0.000000 ,n7 = 0.000000 ,n8 = 0.000000 
f0 = 0.000002  f1 = 0.000000  f2 = 0.000000  f3 = 0.000000  f4 = 0.000000  f5 = 0.000000  f6 = 0.000000  f7 = 0.000000  f8 = 0.000000  
27
info:  0 : 0.000912  1 : 0.000000  2 : 0.000110  3 : 0.000000  4 : 0.000000  5 : 7.000000  6 : 6.000000  7 : 240.000000  8 : 7.000000  9 : 7.000000 
n = 0.825455, f_eq = 0.285190,n1 = 0.752355 ,n2 = 0.073100 ,n3 = 0.000000 ,n4 = 0.000000 ,n5 = 0.000000 ,n6 = 0.000000 ,n7 = 0.000000 ,n8 = 0.000000 
f0 = 0.000002  f1 = 0.000000  f2 = 0.000000  f3 = 0.000000  f4 = 0.000000  f5 = 0.000000  f6 = 0.000000  f7 = 0.000000  f8 = 0.000000  
28
info:  0 : 0.000912  1 : 0.000000  2 : 0.000156  3 : 0.000000  4 : 0.000000  5 : 7.000000  6 : 6.000000  7 : 240.000000  8 : 7.000000  9 : 7.000000 
n = 0.855657, f_eq = 0.292232,n1 = 0.777684 ,n2 = 0.077973 ,n3 = 0.000000 ,n4 = 0.000000 ,n5 = 0.000000 ,n6 = 0.000000 ,n7 = 0.000000 ,n8 = 0.000000 
f0 = 0.000002  f1 = 0.000000  f2 = 0.000000  f3 = 0.000000  f4 = 0.000000  f5 = 0.000000  f6 = 0.000000  f7 = 0.000000  f8 = 0.000000  
29
info:  0 : 0.000912  1 : 0.000000  2 : 0.000155  3 : 0.000000  4 : 0.000000  5 : 7.000000  6 : 6.000000  7 : 241.000000  8 : 7.000000  9 : 7.000000 
n = 0.885859, f_eq = 0.299119,n1 = 0.802958 ,n2 = 0.082901 ,n3 = 0.000000 ,n4 = 0.000000 ,n5 = 0.000000 ,n6 = 0.000000 ,n7 = 0.000000 ,n8 = 0.000000 
f0 = 0.000002  f1 = 0.000000  f2 = 0.000000  f3 = 0.000000  f4 = 0.000000  f5 = 0.000000  f6 = 0.000000  f7 = 0.000000  f8 = 0.000000  
30
info:  0 : 0.000912  1 : 0.000000  2 : 0.000115  3 : 0.000000  4 : 0.000000  5 : 7.000000  6 : 6.000000  7 : 242.000000  8 : 7.000000  9 : 7.000000 
n = 0.916061, f_eq = 0.305858,n1 = 0.828180 ,n2 = 0.087880 ,n3 = 0.000000 ,n4 = 0.000000 ,n5 = 0.000000 ,n6 = 0.000000 ,n7 = 0.000000 ,n8 = 0.000000 
f0 = 0.000002  f1 = 0.000000  f2 = 0.000001  f3 = 0.000000  f4 = 0.000000  f5 = 0.000000  f6 = 0.000000  f7 = 0.000000  f8 = 0.000000  
31
info:  0 : 0.000912  1 : 0.000000  2 : 0.001670  3 : 0.000000  4 : 0.000000  5 : 3000.000000  6 : 3.000000  7 : 1243815.000000  8 : 3000.000000  9 : 3000.000000 
n = 0.946263, f_eq = 0.312463,n1 = 0.853309 ,n2 = 0.092954 ,n3 = 0.000000 ,n4 = 0.000000 ,n5 = 0.000000 ,n6 = 0.000000 ,n7 = 0.000000 ,n8 = 0.000000 
f0 = 0.000348  f1 = 0.000000  f2 = 0.000100  f3 = 0.000000  f4 = 0.000000  f5 = 0.000000  f6 = 0.000000  f7 = 0.000000  f8 = 0.000000  
32
info:  0 : 0.000912  1 : 0.000000  2 : 0.001582  3 : 0.000000  4 : 0.000000  5 : 3000.000000  6 : 3.000000  7 : 1243815.000000  8 : 3000.000000  9 : 3000.000000 
n = 0.976465, f_eq = 0.318916,n1 = 0.878441 ,n2 = 0.098023 ,n3 = 0.000000 ,n4 = 0.000000 ,n5 = 0.000000 ,n6 = 0.000000 ,n7 = 0.000000 ,n8 = 0.000000 
f0 = 0.000360  f1 = 0.000000  f2 = 0.000105  f3 = 0.000000  f4 = 0.000000  f5 = 0.000000  f6 = 0.000000  f7 = 0.000000  f8 = 0.000000  
33
info:  0 : 0.000912  1 : 0.000000  2 : 0.001512  3 : 0.000000  4 : 0.000000  5 : 3000.000000  6 : 3.000000  7 : 1243815.000000  8 : 3000.000000  9 : 3000.000000 
n = 1.006667, f_eq = 0.325232,n1 = 0.903537 ,n2 = 0.103130 ,n3 = 0.000000 ,n4 = 0.000000 ,n5 = 0.000000 ,n6 = 0.000000 ,n7 = 0.000000 ,n8 = 0.000000 
f0 = 0.000371  f1 = 0.000000  f2 = 0.000110  f3 = 0.000000  f4 = 0.000000  f5 = 0.000000  f6 = 0.000000  f7 = 0.000000  f8 = 0.000000  
34
info:  0 : 0.000912  1 : 0.000000  2 : 0.001455  3 : 0.000000  4 : 0.000000  5 : 3000.000000  6 : 3.000000  7 : 1243815.000000  8 : 3000.000000  9 : 3000.000000 
n = 1.036869, f_eq = 0.331414,n1 = 0.928598 ,n2 = 0.108270 ,n3 = 0.000000 ,n4 = 0.000000 ,n5 = 0.000000 ,n6 = 0.000000 ,n7 = 0.000000 ,n8 = 0.000000 
f0 = 0.000382  f1 = 0.000000  f2 = 0.000114  f3 = 0.000000  f4 = 0.000000  f5 = 0.000000  f6 = 0.000000  f7 = 0.000000  f8 = 0.000000  
35
info:  0 : 0.000912  1 : 0.000000  2 : 0.000122  3 : 0.000000  4 : 0.000000  5 : 3000.000000  6 : 3.000000  7 : 1243816.000000  8 : 3000.000000  9 : 3000.000000 
n = 1.067071, f_eq = 0.337466,n1 = 0.953626 ,n2 = 0.113444 ,n3 = 0.000000 ,n4 = 0.000000 ,n5 = 0.000000 ,n6 = 0.000000 ,n7 = 0.000000 ,n8 = 0.000000 
f0 = 0.000378  f1 = 0.000000  f2 = 0.000124  f3 = 0.000000  f4 = 0.000000  f5 = 0.000000  f6 = 0.000000  f7 = 0.000000  f8 = 0.000000  
36
info:  0 : 0.000912  1 : 0.000005  2 : 0.053624  3 : 0.000000  4 : 0.000000  5 : 3000.000000  6 : 3.000000  7 : 1250603.000000  8 : 3000.000000  9 : 3000.000000 
n = 1.097273, f_eq = 0.343418,n1 = 0.977934 ,n2 = 0.119338 ,n3 = 0.000000 ,n4 = 0.000000 ,n5 = 0.000000 ,n6 = 0.000000 ,n7 = 0.000000 ,n8 = 0.000000 
f0 = 0.001764  f1 = 0.000000  f2 = 0.001582  f3 = 0.000000  f4 = 0.000000  f5 = 0.000000  f6 = 0.000000  f7 = 0.000000  f8 = 0.000000  
37
info:  0 : 0.000918  1 : 0.000004  2 : 0.049163  3 : 0.000000  4 : 0.000000  5 : 3000.000000  6 : 3.000000  7 : 1247604.000000  8 : 3000.000000  9 : 3000.000000 
n = 1.127475, f_eq = 0.349239,n1 = 1.002865 ,n2 = 0.124610 ,n3 = 0.000000 ,n4 = 0.000000 ,n5 = 0.000000 ,n6 = 0.000000 ,n7 = 0.000000 ,n8 = 0.000000 
f0 = 0.002352  f1 = 0.000000  f2 = 0.001704  f3 = 0.000000  f4 = 0.000000  f5 = 0.000000  f6 = 0.000000  f7 = 0.000000  f8 = 0.000000  
38
info:  0 : 0.000921  1 : 0.000003  2 : 0.043285  3 : 0.000000  4 : 0.000000  5 : 3000.000000  6 : 3.000000  7 : 1247604.000000  8 : 3000.000000  9 : 3000.000000 
n = 1.157677, f_eq = 0.354931,n1 = 1.027818 ,n2 = 0.129859 ,n3 = 0.000000 ,n4 = 0.000000 ,n5 = 0.000000 ,n6 = 0.000000 ,n7 = 0.000000 ,n8 = 0.000000 
f0 = 0.002648  f1 = 0.000000  f2 = 0.001730  f3 = 0.000000  f4 = 0.000000  f5 = 0.000000  f6 = 0.000000  f7 = 0.000000  f8 = 0.000000  
39
info:  0 : 0.000922  1 : 0.000003  2 : 0.037416  3 : 0.000000  4 : 0.000000  5 : 3000.000000  6 : 3.000000  7 : 1247604.000000  8 : 3000.000000  9 : 3000.000000 
n = 1.187879, f_eq = 0.360504,n1 = 1.052755 ,n2 = 0.135123 ,n3 = 0.000000 ,n4 = 0.000000 ,n5 = 0.000000 ,n6 = 0.000000 ,n7 = 0.000000 ,n8 = 0.000000 
f0 = 0.002909  f1 = 0.000000  f2 = 0.001746  f3 = 0.000000  f4 = 0.000000  f5 = 0.000000  f6 = 0.000000  f7 = 0.000000  f8 = 0.000000  
40
info:  0 : 0.000924  1 : 0.000002  2 : 0.031600  3 : 0.000000  4 : 0.000000  5 : 3000.000000  6 : 3.000000  7 : 1247604.000000  8 : 3000.000000  9 : 3000.000000 
n = 1.218081, f_eq = 0.365962,n1 = 1.077676 ,n2 = 0.140404 ,n3 = 0.000000 ,n4 = 0.000000 ,n5 = 0.000000 ,n6 = 0.000000 ,n7 = 0.000000 ,n8 = 0.000000 
f0 = 0.003158  f1 = 0.000000  f2 = 0.001760  f3 = 0.000000  f4 = 0.000000  f5 = 0.000000  f6 = 0.000000  f7 = 0.000000  f8 = 0.000000  
41
info:  0 : 0.000925  1 : 0.000002  2 : 0.025838  3 : 0.000000  4 : 0.000000  5 : 3000.000000  6 : 3.000000  7 : 1247604.000000  8 : 3000.000000  9 : 3000.000000 
n = 1.248283, f_eq = 0.371309,n1 = 1.102583 ,n2 = 0.145700 ,n3 = 0.000000 ,n4 = 0.000000 ,n5 = 0.000000 ,n6 = 0.000000 ,n7 = 0.000000 ,n8 = 0.000000 
f0 = 0.003395  f1 = 0.000000  f2 = 0.001772  f3 = 0.000000  f4 = 0.000000  f5 = 0.000000  f6 = 0.000000  f7 = 0.000000  f8 = 0.000000  
42
info:  0 : 0.000927  1 : 0.000001  2 : 0.020135  3 : 0.000000  4 : 0.000000  5 : 3000.000000  6 : 3.000000  7 : 1247604.000000  8 : 3000.000000  9 : 3000.000000 
n = 1.278485, f_eq = 0.376546,n1 = 1.127476 ,n2 = 0.151008 ,n3 = 0.000000 ,n4 = 0.000000 ,n5 = 0.000000 ,n6 = 0.000000 ,n7 = 0.000000 ,n8 = 0.000000 
f0 = 0.003622  f1 = 0.000000  f2 = 0.001781  f3 = 0.000000  f4 = 0.000000  f5 = 0.000000  f6 = 0.000000  f7 = 0.000000  f8 = 0.000000  
43
info:  0 : 0.000928  1 : 0.000001  2 : 0.014490  3 : 0.000000  4 : 0.000000  5 : 3000.000000  6 : 3.000000  7 : 1247604.000000  8 : 3000.000000  9 : 3000.000000 
n = 1.308687, f_eq = 0.381676,n1 = 1.152359 ,n2 = 0.156328 ,n3 = 0.000000 ,n4 = 0.000000 ,n5 = 0.000000 ,n6 = 0.000000 ,n7 = 0.000000 ,n8 = 0.000000 
f0 = 0.003839  f1 = 0.000000  f2 = 0.001788  f3 = 0.000000  f4 = 0.000000  f5 = 0.000000  f6 = 0.000000  f7 = 0.000000  f8 = 0.000000  
44
info:  0 : 0.000930  1 : 0.000001  2 : 0.008907  3 : 0.000000  4 : 0.000000  5 : 3000.000000  6 : 3.000000  7 : 1247604.000000  8 : 3000.000000  9 : 3000.000000 
n = 1.338889, f_eq = 0.386702,n1 = 1.177232 ,n2 = 0.161656 ,n3 = 0.000000 ,n4 = 0.000000 ,n5 = 0.000000 ,n6 = 0.000000 ,n7 = 0.000000 ,n8 = 0.000000 
f0 = 0.004047  f1 = 0.000000  f2 = 0.001794  f3 = 0.000000  f4 = 0.000000  f5 = 0.000000  f6 = 0.000000  f7 = 0.000000  f8 = 0.000000  
45
info:  0 : 0.000932  1 : 0.000001  2 : 0.003387  3 : 0.000000  4 : 0.000000  5 : 3000.000000  6 : 3.000000  7 : 1247604.000000  8 : 3000.000000  9 : 3000.000000 
n = 1.369091, f_eq = 0.391626,n1 = 1.202098 ,n2 = 0.166993 ,n3 = 0.000000 ,n4 = 0.000000 ,n5 = 0.000000 ,n6 = 0.000000 ,n7 = 0.000000 ,n8 = 0.000000 
f0 = 0.004246  f1 = 0.000000  f2 = 0.001798  f3 = 0.000000  f4 = 0.000000  f5 = 0.000000  f6 = 0.000000  f7 = 0.000000  f8 = 0.000000  
46
info:  0 : 0.000933  1 : 0.000343  2 : 0.025071  3 : 0.000000  4 : 0.000000  5 : 3000.000000  6 : 3.000000  7 : 1253205.000000  8 : 3000.000000  9 : 3000.000000 
n = 1.399293, f_eq = 0.394945,n1 = 1.210895 ,n2 = 0.175245 ,n3 = 0.000000 ,n4 = 0.000000 ,n5 = 0.000000 ,n6 = 0.000000 ,n7 = 0.000000 ,n8 = 0.000000 
f0 = 0.028688  f1 = 0.013154  f2 = 0.013624  f3 = 0.000000  f4 = 0.000000  f5 = 0.000000  f6 = 0.000000  f7 = 0.000000  f8 = 0.000000  
47
info:  0 : 0.002888  1 : 0.001067  2 : 0.048690  3 : 0.000000  4 : 0.000000  5 : 3000.000000  6 : 3.000000  7 : 1238220.000000  8 : 3000.000000  9 : 3000.000000 
n = 1.429495, f_eq = 0.398296,n1 = 1.218145 ,n2 = 0.184522 ,n3 = 0.000000 ,n4 = 0.000000 ,n5 = 0.000000 ,n6 = 0.000000 ,n7 = 0.000000 ,n8 = 0.000000 
f0 = 0.059298  f1 = 0.026828  f2 = 0.027815  f3 = 0.000000  f4 = 0.000000  f5 = 0.000000  f6 = 0.000000  f7 = 0.000000  f8 = 0.000000  
48
info:  0 : 0.007542  1 : 0.000000  2 : 0.000098  3 : 0.000000  4 : 0.000000  5 : 3000.000000  6 : 3.000000  7 : 1239633.000000  8 : 3000.000000  9 : 3000.000000 
n = 1.459697, f_eq = 0.402182,n1 = 1.233835 ,n2 = 0.191433 ,n3 = 0.002557 ,n4 = 0.000000 ,n5 = 0.000000 ,n6 = 0.000000 ,n7 = 0.031871 ,n8 = 0.000000 
f0 = 0.000171  f1 = 0.000000  f2 = 0.000025  f3 = -0.000108  f4 = 0.000000  f5 = 0.000000  f6 = 0.000000  f7 = -0.000067  f8 = 0.000000  
49
info:  0 : 0.000912  1 : 0.000000  2 : 0.000003  3 : 0.000000  4 : 0.000000  5 : 3000.000000  6 : 3.000000  7 : 1240816.000000  8 : 3000.000000  9 : 3000.000000 
n = 1.489899, f_eq = 0.405301,n1 = 1.239700 ,n2 = 0.199703 ,n3 = 0.006602 ,n4 = 0.000000 ,n5 = 0.000000 ,n6 = 0.000000 ,n7 = 0.043894 ,n8 = 0.000000 
f0 = -0.000062  f1 = 0.000000  f2 = -0.000017  f3 = -0.000022  f4 = 0.000000  f5 = 0.000000  f6 = 0.000000  f7 = 0.000045  f8 = 0.000000  
50
info:  0 : 0.000912  1 : 0.000002  2 : 0.005986  3 : 0.000000  4 : 0.000000  5 : 3000.000000  6 : 3.000000  7 : 1250603.000000  8 : 3000.000000  9 : 3000.000000 
n = 1.520101, f_eq = 0.408339,n1 = 1.245188 ,n2 = 0.207753 ,n3 = 0.011324 ,n4 = 0.000000 ,n5 = 0.000000 ,n6 = 0.000000 ,n7 = 0.055836 ,n8 = 0.000000 
f0 = -0.000765  f1 = 0.000000  f2 = -0.000303  f3 = 0.000779  f4 = 0.000000  f5 = 0.000000  f6 = 0.000000  f7 = 0.001381  f8 = 0.000000  
51
info:  0 : 0.000915  1 : 0.000002  2 : 0.005069  3 : 0.000000  4 : 0.000000  5 : 3000.000000  6 : 3.000000  7 : 1247604.000000  8 : 3000.000000  9 : 3000.000000 
n = 1.550303, f_eq = 0.411272,n1 = 1.249688 ,n2 = 0.215839 ,n3 = 0.016828 ,n4 = 0.000000 ,n5 = 0.000000 ,n6 = 0.000000 ,n7 = 0.067948 ,n8 = 0.000000 
f0 = -0.001497  f1 = 0.000000  f2 = -0.000421  f3 = 0.000725  f4 = 0.000000  f5 = 0.000000  f6 = 0.000000  f7 = 0.001585  f8 = 0.000000  
52
info:  0 : 0.000918  1 : 0.000002  2 : 0.015048  3 : 0.000000  4 : 0.000000  5 : 3000.000000  6 : 3.000000  7 : 1247604.000000  8 : 3000.000000  9 : 3000.000000 
n = 1.580505, f_eq = 0.414147,n1 = 1.253692 ,n2 = 0.223932 ,n3 = 0.022794 ,n4 = 0.000000 ,n5 = 0.000000 ,n6 = 0.000000 ,n7 = 0.080087 ,n8 = 0.000000 
f0 = -0.001896  f1 = 0.000000  f2 = -0.000473  f3 = 0.000667  f4 = 0.000000  f5 = 0.000000  f6 = 0.000000  f7 = 0.001663  f8 = 0.000000  
53
info:  0 : 0.000919  1 : 0.000002  2 : 0.024270  3 : 0.000000  4 : 0.000000  5 : 3000.000000  6 : 3.000000  7 : 1247604.000000  8 : 3000.000000  9 : 3000.000000 
n = 1.610707, f_eq = 0.416963,n1 = 1.257303 ,n2 = 0.232031 ,n3 = 0.029119 ,n4 = 0.000000 ,n5 = 0.000000 ,n6 = 0.000000 ,n7 = 0.092253 ,n8 = 0.000000 
f0 = -0.002234  f1 = 0.000000  f2 = -0.000511  f3 = 0.000686  f4 = 0.000000  f5 = 0.000000  f6 = 0.000000  f7 = 0.001736  f8 = 0.000000  
54
info:  0 : 0.000921  1 : 0.000003  2 : 0.033526  3 : 0.000000  4 : 0.000000  5 : 3000.000000  6 : 3.000000  7 : 1247604.000000  8 : 3000.000000  9 : 3000.000000 
n = 1.640909, f_eq = 0.419724,n1 = 1.260569 ,n2 = 0.240141 ,n3 = 0.035759 ,n4 = 0.000000 ,n5 = 0.000000 ,n6 = 0.000000 ,n7 = 0.104440 ,n8 = 0.000000 
f0 = -0.002547  f1 = 0.000000  f2 = -0.000542  f3 = 0.000754  f4 = 0.000000  f5 = 0.000000  f6 = 0.000000  f7 = 0.001812  f8 = 0.000000  
55
info:  0 : 0.000923  1 : 0.000000  2 : 0.000159  3 : 0.000000  4 : 0.000000  5 : 7.000000  6 : 6.000000  7 : 254.000000  8 : 7.000000  9 : 7.000000 
n = 1.671111, f_eq = 0.422494,n1 = 1.263027 ,n2 = 0.248545 ,n3 = 0.042813 ,n4 = 0.000000 ,n5 = 0.000000 ,n6 = 0.000000 ,n7 = 0.116727 ,n8 = 0.000000 
f0 = -0.000001  f1 = 0.000000  f2 = -0.000000  f3 = 0.000000  f4 = 0.000000  f5 = 0.000000  f6 = 0.000000  f7 = 0.000001  f8 = 0.000000  
56
info:  0 : 0.000912  1 : 0.000000  2 : 0.000220  3 : 0.000000  4 : 0.000000  5 : 7.000000  6 : 6.000000  7 : 195.000000  8 : 7.000000  9 : 7.000000 
n = 1.701313, f_eq = 0.425159,n1 = 1.265655 ,n2 = 0.256685 ,n3 = 0.050056 ,n4 = 0.000000 ,n5 = 0.000000 ,n6 = 0.000000 ,n7 = 0.128916 ,n8 = 0.000000 
f0 = -0.000000  f1 = 0.000000  f2 = -0.000000  f3 = -0.000000  f4 = 0.000000  f5 = 0.000000  f6 = 0.000000  f7 = 0.000000  f8 = 0.000000  
57
info:  0 : 0.000912  1 : 0.000000  2 : 0.000162  3 : 0.000000  4 : 0.000000  5 : 7.000000  6 : 6.000000  7 : 196.000000  8 : 7.000000  9 : 7.000000 
n = 1.731515, f_eq = 0.427777,n1 = 1.268014 ,n2 = 0.264844 ,n3 = 0.057550 ,n4 = 0.000000 ,n5 = 0.000000 ,n6 = 0.000000 ,n7 = 0.141107 ,n8 = 0.000000 
f0 = -0.000000  f1 = 0.000000  f2 = -0.000000  f3 = 0.000000  f4 = 0.000000  f5 = 0.000000  f6 = 0.000000  f7 = 0.000000  f8 = 0.000000  
58
info:  0 : 0.000912  1 : 0.000000  2 : 0.000643  3 : 0.000000  4 : 0.000000  5 : 3000.000000  6 : 3.000000  7 : 1240816.000000  8 : 3000.000000  9 : 3000.000000 
n = 1.761717, f_eq = 0.430344,n1 = 1.270126 ,n2 = 0.273005 ,n3 = 0.065304 ,n4 = 0.000000 ,n5 = 0.000000 ,n6 = 0.000000 ,n7 = 0.153283 ,n8 = 0.000000 
f0 = -0.000137  f1 = 0.000000  f2 = -0.000022  f3 = -0.000016  f4 = 0.000000  f5 = 0.000000  f6 = 0.000000  f7 = 0.000069  f8 = 0.000000  
59
info:  0 : 0.000912  1 : 0.000000  2 : 0.001164  3 : 0.000000  4 : 0.000000  5 : 3000.000000  6 : 3.000000  7 : 1240816.000000  8 : 3000.000000  9 : 3000.000000 
n = 1.791919, f_eq = 0.432872,n1 = 1.271999 ,n2 = 0.281212 ,n3 = 0.073241 ,n4 = 0.000000 ,n5 = 0.000000 ,n6 = 0.000000 ,n7 = 0.165467 ,n8 = 0.000000 
f0 = -0.000145  f1 = 0.000000  f2 = -0.000022  f3 = -0.000005  f4 = 0.000000  f5 = 0.000000  f6 = 0.000000  f7 = 0.000072  f8 = 0.000000  
60
info:  0 : 0.000912  1 : 0.000000  2 : 0.001603  3 : 0.000000  4 : 0.000000  5 : 3000.000000  6 : 3.000000  7 : 1240816.000000  8 : 3000.000000  9 : 3000.000000 
n = 1.822121, f_eq = 0.435357,n1 = 1.273648 ,n2 = 0.289447 ,n3 = 0.081382 ,n4 = 0.000000 ,n5 = 0.000000 ,n6 = 0.000000 ,n7 = 0.177643 ,n8 = 0.000000 
f0 = -0.000152  f1 = 0.000000  f2 = -0.000022  f3 = 0.000004  f4 = 0.000000  f5 = 0.000000  f6 = 0.000000  f7 = 0.000073  f8 = 0.000000  
61
info:  0 : 0.000912  1 : 0.000000  2 : 0.000049  3 : 0.000000  4 : 0.000000  5 : 3000.000000  6 : 3.000000  7 : 1240084.000000  8 : 3000.000000  9 : 3000.000000 
n = 1.852323, f_eq = 0.437806,n1 = 1.275072 ,n2 = 0.297727 ,n3 = 0.089709 ,n4 = 0.000000 ,n5 = 0.000000 ,n6 = 0.000000 ,n7 = 0.189815 ,n8 = 0.000000 
f0 = -0.000010  f1 = 0.000000  f2 = -0.000001  f3 = -0.000001  f4 = 0.000000  f5 = 0.000000  f6 = 0.000000  f7 = 0.000005  f8 = 0.000000  
62
info:  0 : 0.000912  1 : 0.000000  2 : 0.000244  3 : 0.000000  4 : 0.000000  5 : 7.000000  6 : 6.000000  7 : 193.000000  8 : 7.000000  9 : 7.000000 
n = 1.882525, f_eq = 0.440211,n1 = 1.276305 ,n2 = 0.306024 ,n3 = 0.098229 ,n4 = 0.000000 ,n5 = 0.000000 ,n6 = 0.000000 ,n7 = 0.201967 ,n8 = 0.000000 
f0 = -0.000000  f1 = 0.000000  f2 = -0.000000  f3 = -0.000000  f4 = 0.000000  f5 = 0.000000  f6 = 0.000000  f7 = 0.000000  f8 = 0.000000  
63
info:  0 : 0.000912  1 : 0.000000  2 : 0.003315  3 : 0.000000  4 : 0.000000  5 : 5.000000  6 : 6.000000  7 : 96.000000  8 : 5.000000  9 : 5.000000 
n = 1.912727, f_eq = 0.442578,n1 = 1.277345 ,n2 = 0.314353 ,n3 = 0.106927 ,n4 = 0.000000 ,n5 = 0.000000 ,n6 = 0.000000 ,n7 = 0.214102 ,n8 = 0.000000 
f0 = -0.000006  f1 = 0.000000  f2 = -0.000001  f3 = -0.000001  f4 = 0.000000  f5 = 0.000000  f6 = 0.000000  f7 = 0.000003  f8 = 0.000000  
64
info:  0 : 0.000912  1 : 0.000000  2 : 0.000063  3 : 0.000000  4 : 0.000000  5 : 7.000000  6 : 6.000000  7 : 193.000000  8 : 7.000000  9 : 7.000000 
n = 1.942929, f_eq = 0.444907,n1 = 1.278200 ,n2 = 0.322719 ,n3 = 0.115789 ,n4 = 0.000000 ,n5 = 0.000000 ,n6 = 0.000000 ,n7 = 0.226222 ,n8 = 0.000000 
f0 = -0.000000  f1 = 0.000000  f2 = -0.000000  f3 = 0.000000  f4 = 0.000000  f5 = 0.000000  f6 = 0.000000  f7 = 0.000000  f8 = 0.000000  
65
info:  0 : 0.000912  1 : 0.000000  2 : 0.000081  3 : 0.000000  4 : 0.000000  5 : 7.000000  6 : 6.000000  7 : 134.000000  8 : 7.000000  9 : 7.000000 
n = 1.973131, f_eq = 0.447201,n1 = 1.278876 ,n2 = 0.331121 ,n3 = 0.124812 ,n4 = 0.000000 ,n5 = 0.000000 ,n6 = 0.000000 ,n7 = 0.238323 ,n8 = 0.000000 
f0 = -0.000000  f1 = 0.000000  f2 = -0.000000  f3 = 0.000000  f4 = 0.000000  f5 = 0.000000  f6 = 0.000000  f7 = 0.000000  f8 = 0.000000  
66
info:  0 : 0.000912  1 : 0.000000  2 : 0.000051  3 : 0.000000  4 : 0.000000  5 : 7.000000  6 : 6.000000  7 : 134.000000  8 : 7.000000  9 : 7.000000 
n = 2.003333, f_eq = 0.449459,n1 = 1.279379 ,n2 = 0.339561 ,n3 = 0.133988 ,n4 = 0.000000 ,n5 = 0.000000 ,n6 = 0.000000 ,n7 = 0.250405 ,n8 = 0.000000 
f0 = -0.000000  f1 = 0.000000  f2 = -0.000000  f3 = 0.000001  f4 = 0.000000  f5 = 0.000000  f6 = 0.000000  f7 = 0.000000  f8 = 0.000000  
67
info:  0 : 0.000912  1 : 0.000000  2 : 0.000023  3 : 0.000000  4 : 0.000000  5 : 8.000000  6 : 6.000000  7 : 153.000000  8 : 8.000000  9 : 8.000000 
n = 2.033535, f_eq = 0.451684,n1 = 1.279716 ,n2 = 0.348040 ,n3 = 0.143314 ,n4 = 0.000000 ,n5 = 0.000000 ,n6 = 0.000000 ,n7 = 0.262464 ,n8 = 0.000000 
f0 = -0.000000  f1 = 0.000000  f2 = -0.000000  f3 = 0.000001  f4 = 0.000000  f5 = 0.000000  f6 = 0.000000  f7 = 0.000000  f8 = 0.000000  
68
info:  0 : 0.000912  1 : 0.000000  2 : 0.000031  3 : 0.000000  4 : 0.000000  5 : 8.000000  6 : 6.000000  7 : 153.000000  8 : 8.000000  9 : 8.000000 
n = 2.063737, f_eq = 0.453874,n1 = 1.279892 ,n2 = 0.356561 ,n3 = 0.152783 ,n4 = 0.000000 ,n5 = 0.000000 ,n6 = 0.000000 ,n7 = 0.274502 ,n8 = 0.000000 
f0 = -0.000000  f1 = 0.000000  f2 = -0.000000  f3 = 0.000001  f4 = 0.000000  f5 = 0.000000  f6 = 0.000000  f7 = 0.000000  f8 = 0.000000  
69
info:  0 : 0.000912  1 : 0.000000  2 : 0.000016  3 : 0.000000  4 : 0.000000  5 : 9.000000  6 : 6.000000  7 : 172.000000  8 : 9.000000  9 : 9.000000 
n = 2.093939, f_eq = 0.456032,n1 = 1.279911 ,n2 = 0.365122 ,n3 = 0.162392 ,n4 = 0.000000 ,n5 = 0.000000 ,n6 = 0.000000 ,n7 = 0.286515 ,n8 = 0.000000 
f0 = -0.000000  f1 = 0.000000  f2 = -0.000000  f3 = 0.000000  f4 = 0.000000  f5 = 0.000000  f6 = 0.000000  f7 = 0.000000  f8 = 0.000000  
70
info:  0 : 0.000912  1 : 0.000000  2 : 0.000018  3 : 0.000000  4 : 0.000000  5 : 9.000000  6 : 6.000000  7 : 172.000000  8 : 9.000000  9 : 9.000000 
n = 2.124141, f_eq = 0.458159,n1 = 1.279777 ,n2 = 0.373726 ,n3 = 0.172134 ,n4 = 0.000000 ,n5 = 0.000000 ,n6 = 0.000000 ,n7 = 0.298504 ,n8 = 0.000000 
f0 = -0.000000  f1 = 0.000000  f2 = -0.000000  f3 = 0.000001  f4 = 0.000000  f5 = 0.000000  f6 = 0.000000  f7 = 0.000000  f8 = 0.000000  
71
info:  0 : 0.000912  1 : 0.000000  2 : 0.000020  3 : 0.000000  4 : 0.000000  5 : 9.000000  6 : 6.000000  7 : 172.000000  8 : 9.000000  9 : 9.000000 
n = 2.154343, f_eq = 0.460254,n1 = 1.279495 ,n2 = 0.382373 ,n3 = 0.182008 ,n4 = 0.000000 ,n5 = 0.000000 ,n6 = 0.000000 ,n7 = 0.310467 ,n8 = 0.000000 
f0 = -0.000000  f1 = 0.000000  f2 = -0.000000  f3 = 0.000001  f4 = 0.000000  f5 = 0.000000  f6 = 0.000000  f7 = 0.000000  f8 = 0.000000  
72
info:  0 : 0.000912  1 : 0.000000  2 : 0.000009  3 : 0.000000  4 : 0.000000  5 : 10.000000  6 : 6.000000  7 : 191.000000  8 : 10.000000  9 : 10.000000 
n = 2.184545, f_eq = 0.462318,n1 = 1.279069 ,n2 = 0.391065 ,n3 = 0.192009 ,n4 = 0.000000 ,n5 = 0.000000 ,n6 = 0.000000 ,n7 = 0.322403 ,n8 = 0.000000 
f0 = -0.000000  f1 = 0.000000  f2 = -0.000000  f3 = 0.000000  f4 = 0.000000  f5 = 0.000000  f6 = 0.000000  f7 = 0.000000  f8 = 0.000000  
73
info:  0 : 0.000912  1 : 0.000000  2 : 0.000010  3 : 0.000000  4 : 0.000000  5 : 10.000000  6 : 6.000000  7 : 191.000000  8 : 10.000000  9 : 10.000000 
n = 2.214747, f_eq = 0.464353,n1 = 1.278501 ,n2 = 0.399801 ,n3 = 0.202134 ,n4 = 0.000000 ,n5 = 0.000000 ,n6 = 0.000000 ,n7 = 0.334311 ,n8 = 0.000000 
f0 = -0.000000  f1 = -0.000000  f2 = -0.000000  f3 = 0.000001  f4 = 0.000000  f5 = 0.000000  f6 = 0.000000  f7 = 0.000000  f8 = 0.000000  
74
info:  0 : 0.000912  1 : 0.000000  2 : 0.000010  3 : 0.000000  4 : 0.000000  5 : 10.000000  6 : 6.000000  7 : 191.000000  8 : 10.000000  9 : 10.000000 
n = 2.244949, f_eq = 0.466358,n1 = 1.277796 ,n2 = 0.408583 ,n3 = 0.212380 ,n4 = 0.000000 ,n5 = 0.000000 ,n6 = 0.000000 ,n7 = 0.346191 ,n8 = 0.000000 
f0 = -0.000000  f1 = 0.000000  f2 = -0.000000  f3 = 0.000001  f4 = 0.000000  f5 = 0.000000  f6 = 0.000000  f7 = 0.000000  f8 = 0.000000  
75
info:  0 : 0.000912  1 : 0.000000  2 : 0.000010  3 : 0.000000  4 : 0.000000  5 : 10.000000  6 : 6.000000  7 : 191.000000  8 : 10.000000  9 : 10.000000 
n = 2.275152, f_eq = 0.468335,n1 = 1.276955 ,n2 = 0.417411 ,n3 = 0.222744 ,n4 = 0.000000 ,n5 = 0.000000 ,n6 = 0.000000 ,n7 = 0.358041 ,n8 = 0.000000 
f0 = -0.000000  f1 = 0.000000  f2 = -0.000000  f3 = 0.000001  f4 = 0.000000  f5 = 0.000000  f6 = 0.000000  f7 = 0.000000  f8 = 0.000000  
76
info:  0 : 0.000912  1 : 0.000000  2 : 0.000004  3 : 0.000000  4 : 0.000000  5 : 11.000000  6 : 6.000000  7 : 210.000000  8 : 11.000000  9 : 11.000000 
n = 2.305354, f_eq = 0.470283,n1 = 1.275983 ,n2 = 0.426286 ,n3 = 0.233223 ,n4 = 0.000000 ,n5 = 0.000000 ,n6 = 0.000000 ,n7 = 0.369862 ,n8 = 0.000000 
f0 = -0.000000  f1 = -0.000000  f2 = -0.000000  f3 = 0.000000  f4 = 0.000000  f5 = 0.000000  f6 = 0.000000  f7 = 0.000000  f8 = 0.000000  
77
info:  0 : 0.000912  1 : 0.000000  2 : 0.000003  3 : 0.000000  4 : 0.000000  5 : 11.000000  6 : 6.000000  7 : 210.000000  8 : 11.000000  9 : 11.000000 
n = 2.335556, f_eq = 0.472204,n1 = 1.274882 ,n2 = 0.435208 ,n3 = 0.243814 ,n4 = 0.000000 ,n5 = 0.000000 ,n6 = 0.000000 ,n7 = 0.381652 ,n8 = 0.000000 
f0 = -0.000000  f1 = 0.000000  f2 = -0.000000  f3 = 0.000001  f4 = 0.000000  f5 = 0.000000  f6 = 0.000000  f7 = 0.000000  f8 = 0.000000  
78
info:  0 : 0.000912  1 : 0.000000  2 : 0.000003  3 : 0.000000  4 : 0.000000  5 : 11.000000  6 : 6.000000  7 : 210.000000  8 : 11.000000  9 : 11.000000 
n = 2.365758, f_eq = 0.474098,n1 = 1.273655 ,n2 = 0.444178 ,n3 = 0.254515 ,n4 = 0.000000 ,n5 = 0.000000 ,n6 = 0.000000 ,n7 = 0.393410 ,n8 = 0.000000 
f0 = 0.000000  f1 = 0.000000  f2 = -0.000000  f3 = 0.000001  f4 = 0.000000  f5 = 0.000000  f6 = 0.000000  f7 = 0.000000  f8 = 0.000000  
79
info:  0 : 0.000912  1 : 0.000000  2 : 0.000003  3 : 0.000000  4 : 0.000000  5 : 11.000000  6 : 6.000000  7 : 210.000000  8 : 11.000000  9 : 11.000000 
n = 2.395960, f_eq = 0.475965,n1 = 1.272303 ,n2 = 0.453196 ,n3 = 0.265324 ,n4 = 0.000000 ,n5 = 0.000000 ,n6 = 0.000000 ,n7 = 0.405137 ,n8 = 0.000000 
f0 = 0.000000  f1 = 0.000000  f2 = -0.000000  f3 = 0.000001  f4 = 0.000000  f5 = 0.000000  f6 = 0.000000  f7 = 0.000000  f8 = 0.000000  
80
info:  0 : 0.000912  1 : 0.000000  2 : 0.000003  3 : 0.000000  4 : 0.000000  5 : 11.000000  6 : 6.000000  7 : 210.000000  8 : 11.000000  9 : 11.000000 
n = 2.426162, f_eq = 0.477805,n1 = 1.270830 ,n2 = 0.462263 ,n3 = 0.276238 ,n4 = 0.000000 ,n5 = 0.000000 ,n6 = 0.000000 ,n7 = 0.416831 ,n8 = 0.000000 
f0 = 0.000000  f1 = 0.000000  f2 = -0.000000  f3 = 0.000001  f4 = 0.000000  f5 = 0.000000  f6 = 0.000000  f7 = 0.000000  f8 = 0.000000  
81
info:  0 : 0.000912  1 : 0.000000  2 : 0.000003  3 : 0.000000  4 : 0.000000  5 : 12.000000  6 : 6.000000  7 : 229.000000  8 : 12.000000  9 : 12.000000 
n = 2.456364, f_eq = 0.479621,n1 = 1.269237 ,n2 = 0.471379 ,n3 = 0.287256 ,n4 = 0.000000 ,n5 = 0.000000 ,n6 = 0.000000 ,n7 = 0.428492 ,n8 = 0.000000 
f0 = 0.000000  f1 = 0.000000  f2 = -0.000000  f3 = 0.000001  f4 = 0.000000  f5 = 0.000000  f6 = 0.000000  f7 = 0.000000  f8 = 0.000000  
82
info:  0 : 0.000912  1 : 0.000000  2 : 0.000005  3 : 0.000000  4 : 0.000000  5 : 12.000000  6 : 6.000000  7 : 229.000000  8 : 12.000000  9 : 12.000000 
n = 2.486566, f_eq = 0.481410,n1 = 1.267527 ,n2 = 0.480545 ,n3 = 0.298374 ,n4 = 0.000000 ,n5 = 0.000000 ,n6 = 0.000000 ,n7 = 0.440120 ,n8 = 0.000000 
f0 = 0.000000  f1 = 0.000000  f2 = -0.000000  f3 = 0.000001  f4 = 0.000000  f5 = 0.000000  f6 = 0.000000  f7 = 0.000000  f8 = 0.000000  
83
info:  0 : 0.000912  1 : 0.000000  2 : 0.000007  3 : 0.000000  4 : 0.000000  5 : 12.000000  6 : 6.000000  7 : 229.000000  8 : 12.000000  9 : 12.000000 
n = 2.516768, f_eq = 0.483175,n1 = 1.265702 ,n2 = 0.489760 ,n3 = 0.309591 ,n4 = 0.000000 ,n5 = 0.000000 ,n6 = 0.000000 ,n7 = 0.451714 ,n8 = 0.000000 
f0 = 0.000000  f1 = 0.000000  f2 = -0.000000  f3 = 0.000001  f4 = 0.000000  f5 = 0.000000  f6 = 0.000000  f7 = 0.000000  f8 = 0.000000  
84
info:  0 : 0.000912  1 : 0.000000  2 : 0.000011  3 : 0.000000  4 : 0.000000  5 : 12.000000  6 : 6.000000  7 : 229.000000  8 : 12.000000  9 : 12.000000 
n = 2.546970, f_eq = 0.484916,n1 = 1.263763 ,n2 = 0.499026 ,n3 = 0.320906 ,n4 = 0.000000 ,n5 = 0.000000 ,n6 = 0.000000 ,n7 = 0.463274 ,n8 = 0.000000 
f0 = 0.000000  f1 = -0.000000  f2 = -0.000000  f3 = 0.000001  f4 = 0.000000  f5 = 0.000000  f6 = 0.000000  f7 = 0.000000  f8 = 0.000000  
85
info:  0 : 0.000912  1 : 0.000000  2 : 0.000007  3 : 0.000000  4 : 0.000000  5 : 13.000000  6 : 6.000000  7 : 248.000000  8 : 13.000000  9 : 13.000000 
n = 2.577172, f_eq = 0.486632,n1 = 1.261714 ,n2 = 0.508343 ,n3 = 0.332316 ,n4 = 0.000000 ,n5 = 0.000000 ,n6 = 0.000000 ,n7 = 0.474799 ,n8 = 0.000000 
f0 = 0.000000  f1 = 0.000000  f2 = -0.000000  f3 = 0.000001  f4 = 0.000000  f5 = 0.000000  f6 = 0.000000  f7 = 0.000000  f8 = 0.000000  
86
info:  0 : 0.000912  1 : 0.000000  2 : 0.000010  3 : 0.000000  4 : 0.000000  5 : 13.000000  6 : 6.000000  7 : 248.000000  8 : 13.000000  9 : 13.000000 
n = 2.607374, f_eq = 0.488325,n1 = 1.259554 ,n2 = 0.517711 ,n3 = 0.343820 ,n4 = 0.000000 ,n5 = 0.000000 ,n6 = 0.000000 ,n7 = 0.486288 ,n8 = 0.000000 
f0 = 0.000000  f1 = 0.000000  f2 = -0.000000  f3 = 0.000001  f4 = 0.000000  f5 = 0.000000  f6 = 0.000000  f7 = 0.000000  f8 = 0.000000  
87
info:  0 : 0.000912  1 : 0.000000  2 : 0.000013  3 : 0.000000  4 : 0.000000  5 : 13.000000  6 : 6.000000  7 : 248.000000  8 : 13.000000  9 : 13.000000 
n = 2.637576, f_eq = 0.489995,n1 = 1.257288 ,n2 = 0.527131 ,n3 = 0.355416 ,n4 = 0.000000 ,n5 = 0.000000 ,n6 = 0.000000 ,n7 = 0.497741 ,n8 = 0.000000 
f0 = 0.000000  f1 = -0.000000  f2 = -0.000000  f3 = 0.000001  f4 = 0.000000  f5 = 0.000000  f6 = 0.000000  f7 = 0.000000  f8 = 0.000000  
88
info:  0 : 0.000912  1 : 0.000000  2 : 0.000017  3 : 0.000000  4 : 0.000000  5 : 13.000000  6 : 6.000000  7 : 248.000000  8 : 13.000000  9 : 13.000000 
n = 2.667778, f_eq = 0.491642,n1 = 1.254915 ,n2 = 0.536602 ,n3 = 0.367102 ,n4 = 0.000000 ,n5 = 0.000000 ,n6 = 0.000000 ,n7 = 0.509158 ,n8 = 0.000000 
f0 = 0.000000  f1 = 0.000000  f2 = -0.000000  f3 = 0.000001  f4 = 0.000000  f5 = 0.000000  f6 = 0.000000  f7 = 0.000000  f8 = 0.000000  
89
info:  0 : 0.000912  1 : 0.000000  2 : 0.000021  3 : 0.000000  4 : 0.000000  5 : 13.000000  6 : 6.000000  7 : 248.000000  8 : 13.000000  9 : 13.000000 
n = 2.697980, f_eq = 0.493266,n1 = 1.252438 ,n2 = 0.546127 ,n3 = 0.378878 ,n4 = 0.000000 ,n5 = 0.000000 ,n6 = 0.000000 ,n7 = 0.520538 ,n8 = 0.000000 
f0 = 0.000000  f1 = 0.000000  f2 = -0.000000  f3 = 0.000001  f4 = 0.000000  f5 = 0.000000  f6 = 0.000000  f7 = 0.000000  f8 = 0.000000  
90
info:  0 : 0.000912  1 : 0.000000  2 : 0.000014  3 : 0.000000  4 : 0.000000  5 : 14.000000  6 : 6.000000  7 : 267.000000  8 : 14.000000  9 : 14.000000 
n = 2.728182, f_eq = 0.494868,n1 = 1.249858 ,n2 = 0.555704 ,n3 = 0.390741 ,n4 = 0.000000 ,n5 = 0.000000 ,n6 = 0.000000 ,n7 = 0.531878 ,n8 = 0.000000 
f0 = 0.000000  f1 = 0.000000  f2 = -0.000000  f3 = 0.000001  f4 = 0.000000  f5 = 0.000000  f6 = 0.000000  f7 = 0.000000  f8 = 0.000000  
91
info:  0 : 0.000912  1 : 0.000000  2 : 0.000017  3 : 0.000000  4 : 0.000000  5 : 14.000000  6 : 6.000000  7 : 267.000000  8 : 14.000000  9 : 14.000000 
n = 2.758384, f_eq = 0.496448,n1 = 1.247177 ,n2 = 0.565337 ,n3 = 0.402691 ,n4 = 0.000000 ,n5 = 0.000000 ,n6 = 0.000000 ,n7 = 0.543180 ,n8 = 0.000000 
f0 = 0.000000  f1 = 0.000000  f2 = -0.000000  f3 = 0.000001  f4 = 0.000000  f5 = 0.000000  f6 = 0.000000  f7 = 0.000000  f8 = 0.000000  
92
info:  0 : 0.000912  1 : 0.000000  2 : 0.000021  3 : 0.000000  4 : 0.000000  5 : 14.000000  6 : 6.000000  7 : 267.000000  8 : 14.000000  9 : 14.000000 
n = 2.788586, f_eq = 0.498007,n1 = 1.244396 ,n2 = 0.575024 ,n3 = 0.414725 ,n4 = 0.000000 ,n5 = 0.000000 ,n6 = 0.000000 ,n7 = 0.554440 ,n8 = 0.000000 
f0 = 0.000000  f1 = 0.000000  f2 = -0.000000  f3 = 0.000001  f4 = 0.000000  f5 = 0.000000  f6 = 0.000000  f7 = 0.000000  f8 = 0.000000  
93
info:  0 : 0.000912  1 : 0.000000  2 : 0.000025  3 : 0.000000  4 : 0.000000  5 : 14.000000  6 : 6.000000  7 : 267.000000  8 : 14.000000  9 : 14.000000 
n = 2.818788, f_eq = 0.499544,n1 = 1.241518 ,n2 = 0.584770 ,n3 = 0.426845 ,n4 = 0.000000 ,n5 = 0.000000 ,n6 = 0.000000 ,n7 = 0.565656 ,n8 = 0.000000 
f0 = 0.000000  f1 = -0.000000  f2 = -0.000000  f3 = 0.000001  f4 = 0.000000  f5 = 0.000000  f6 = 0.000000  f7 = 0.000000  f8 = 0.000000  
94
info:  0 : 0.000912  1 : 0.000000  2 : 0.000030  3 : 0.000000  4 : 0.000000  5 : 14.000000  6 : 6.000000  7 : 267.000000  8 : 14.000000  9 : 14.000000 
n = 2.848990, f_eq = 0.501061,n1 = 1.238542 ,n2 = 0.594576 ,n3 = 0.439049 ,n4 = 0.000000 ,n5 = 0.000000 ,n6 = 0.000000 ,n7 = 0.576823 ,n8 = 0.000000 
f0 = 0.000000  f1 = 0.000000  f2 = -0.000000  f3 = 0.000001  f4 = 0.000000  f5 = 0.000000  f6 = 0.000000  f7 = 0.000000  f8 = 0.000000  
95
info:  0 : 0.000912  1 : 0.000000  2 : 0.000020  3 : 0.000000  4 : 0.000000  5 : 15.000000  6 : 6.000000  7 : 286.000000  8 : 15.000000  9 : 15.000000 
n = 2.879192, f_eq = 0.502558,n1 = 1.235471 ,n2 = 0.604449 ,n3 = 0.451339 ,n4 = 0.000000 ,n5 = 0.000000 ,n6 = 0.000000 ,n7 = 0.587932 ,n8 = 0.000000 
f0 = 0.000000  f1 = 0.000000  f2 = -0.000000  f3 = 0.000001  f4 = 0.000000  f5 = 0.000000  f6 = 0.000000  f7 = 0.000000  f8 = 0.000000  
96
info:  0 : 0.000912  1 : 0.000000  2 : 0.000024  3 : 0.000000  4 : 0.000000  5 : 15.000000  6 : 6.000000  7 : 286.000000  8 : 15.000000  9 : 15.000000 
n = 2.909394, f_eq = 0.504035,n1 = 1.232306 ,n2 = 0.614416 ,n3 = 0.463723 ,n4 = 0.000000 ,n5 = 0.000000 ,n6 = 0.000000 ,n7 = 0.598949 ,n8 = 0.000000 
f0 = 0.000000  f1 = 0.000000  f2 = -0.000000  f3 = 0.000001  f4 = 0.000000  f5 = 0.000000  f6 = 0.000000  f7 = 0.000000  f8 = 0.000000  
97
info:  0 : 0.000912  1 : 0.000000  2 : 0.000028  3 : 0.000000  4 : 0.000000  5 : 15.000000  6 : 6.000000  7 : 286.000000  8 : 15.000000  9 : 15.000000 
n = 2.939596, f_eq = 0.505492,n1 = 1.229048 ,n2 = 0.624437 ,n3 = 0.476186 ,n4 = 0.000000 ,n5 = 0.000000 ,n6 = 0.000000 ,n7 = 0.609925 ,n8 = 0.000000 
f0 = 0.000000  f1 = -0.000000  f2 = -0.000000  f3 = 0.000001  f4 = 0.000000  f5 = 0.000000  f6 = 0.000000  f7 = 0.000000  f8 = 0.000000  
98
info:  0 : 0.000912  1 : 0.000000  2 : 0.000033  3 : 0.000000  4 : 0.000000  5 : 15.000000  6 : 6.000000  7 : 286.000000  8 : 15.000000  9 : 15.000000 
n = 2.969798, f_eq = 0.506929,n1 = 1.225698 ,n2 = 0.634490 ,n3 = 0.488716 ,n4 = 0.000000 ,n5 = 0.000000 ,n6 = 0.000000 ,n7 = 0.620893 ,n8 = 0.000000 
f0 = 0.000001  f1 = 0.000000  f2 = -0.000000  f3 = 0.000001  f4 = 0.000000  f5 = 0.000000  f6 = 0.000000  f7 = 0.000000  f8 = 0.000000  
99
info:  0 : 0.000912  1 : 0.000000  2 : 0.000022  3 : 0.000000  4 : 0.000000  5 : 16.000000  6 : 6.000000  7 : 305.000000  8 : 16.000000  9 : 16.000000 
n = 3.000000, f_eq = 0.508345,n1 = 1.222259 ,n2 = 0.644573 ,n3 = 0.501313 ,n4 = 0.000000 ,n5 = 0.000000 ,n6 = 0.000000 ,n7 = 0.631855 ,n8 = 0.000000 
f0 = 0.000000  f1 = 0.000000  f2 = -0.000000  f3 = 0.000000  f4 = 0.000000  f5 = 0.000000  f6 = 0.000000  f7 = 0.000000  f8 = 0.000000  
